0 info it worked if it ends with ok
1 verbose cli [ '/usr/bin/nodejs',
1 verbose cli   '/usr/bin/npm',
1 verbose cli   'install',
1 verbose cli   'pg-native',
1 verbose cli   '--save' ]
2 info using npm@3.10.10
3 info using node@v6.9.5
4 silly loadCurrentTree Starting
5 silly install loadCurrentTree
6 silly install readLocalPackageData
7 silly fetchPackageMetaData pg-native
8 silly fetchNamedPackageData pg-native
9 silly mapToRegistry name pg-native
10 silly mapToRegistry using default registry
11 silly mapToRegistry registry https://registry.npmjs.org/
12 silly mapToRegistry data Result {
12 silly mapToRegistry   raw: 'pg-native',
12 silly mapToRegistry   scope: null,
12 silly mapToRegistry   escapedName: 'pg-native',
12 silly mapToRegistry   name: 'pg-native',
12 silly mapToRegistry   rawSpec: '',
12 silly mapToRegistry   spec: 'latest',
12 silly mapToRegistry   type: 'tag' }
13 silly mapToRegistry uri https://registry.npmjs.org/pg-native
14 verbose request uri https://registry.npmjs.org/pg-native
15 verbose request no auth needed
16 info attempt registry request try #1 at 7:27:07 PM
17 verbose request id 5dd4cf53f45d496b
18 verbose etag W/"5679a1d6-a891"
19 verbose lastModified Tue, 22 Dec 2015 19:17:42 GMT
20 http request GET https://registry.npmjs.org/pg-native
21 http 304 https://registry.npmjs.org/pg-native
22 verbose headers { date: 'Sat, 18 Feb 2017 19:27:07 GMT',
22 verbose headers   via: '1.1 varnish',
22 verbose headers   'cache-control': 'max-age=300',
22 verbose headers   etag: 'W/"5679a1d6-a891"',
22 verbose headers   age: '0',
22 verbose headers   connection: 'keep-alive',
22 verbose headers   'x-served-by': 'cache-lcy1121-LCY',
22 verbose headers   'x-cache': 'MISS',
22 verbose headers   'x-cache-hits': '0',
22 verbose headers   'x-timer': 'S1487446027.693094,VS0,VE107',
22 verbose headers   vary: 'Accept-Encoding' }
23 silly get cb [ 304,
23 silly get   { date: 'Sat, 18 Feb 2017 19:27:07 GMT',
23 silly get     via: '1.1 varnish',
23 silly get     'cache-control': 'max-age=300',
23 silly get     etag: 'W/"5679a1d6-a891"',
23 silly get     age: '0',
23 silly get     connection: 'keep-alive',
23 silly get     'x-served-by': 'cache-lcy1121-LCY',
23 silly get     'x-cache': 'MISS',
23 silly get     'x-cache-hits': '0',
23 silly get     'x-timer': 'S1487446027.693094,VS0,VE107',
23 silly get     vary: 'Accept-Encoding' } ]
24 verbose etag https://registry.npmjs.org/pg-native from cache
25 verbose get saving pg-native to /home/neil/.npm/registry.npmjs.org/pg-native/.cache.json
26 verbose correctMkdir /home/neil/.npm correctMkdir not in flight; initializing
27 silly install normalizeTree
28 silly loadCurrentTree Finishing
29 silly loadIdealTree Starting
30 silly install loadIdealTree
31 silly cloneCurrentTree Starting
32 silly install cloneCurrentTreeToIdealTree
33 silly cloneCurrentTree Finishing
34 silly loadShrinkwrap Starting
35 silly install loadShrinkwrap
36 silly loadShrinkwrap Finishing
37 silly loadAllDepsIntoIdealTree Starting
38 silly install loadAllDepsIntoIdealTree
39 silly resolveWithNewModule pg-native@1.10.0 checking installable status
40 silly cache add args [ 'pg-native', null ]
41 verbose cache add spec pg-native
42 silly cache add parsed spec Result {
42 silly cache add   raw: 'pg-native',
42 silly cache add   scope: null,
42 silly cache add   escapedName: 'pg-native',
42 silly cache add   name: 'pg-native',
42 silly cache add   rawSpec: '',
42 silly cache add   spec: 'latest',
42 silly cache add   type: 'tag' }
43 silly addNamed pg-native@latest
44 verbose addNamed "latest" is being treated as a dist-tag for pg-native
45 info addNameTag [ 'pg-native', 'latest' ]
46 silly mapToRegistry name pg-native
47 silly mapToRegistry using default registry
48 silly mapToRegistry registry https://registry.npmjs.org/
49 silly mapToRegistry data Result {
49 silly mapToRegistry   raw: 'pg-native',
49 silly mapToRegistry   scope: null,
49 silly mapToRegistry   escapedName: 'pg-native',
49 silly mapToRegistry   name: 'pg-native',
49 silly mapToRegistry   rawSpec: '',
49 silly mapToRegistry   spec: 'latest',
49 silly mapToRegistry   type: 'tag' }
50 silly mapToRegistry uri https://registry.npmjs.org/pg-native
51 verbose addNameTag registry:https://registry.npmjs.org/pg-native not in flight; fetching
52 verbose get https://registry.npmjs.org/pg-native not expired, no request
53 silly addNameTag next cb for pg-native with tag latest
54 silly addNamed pg-native@1.10.0
55 verbose addNamed "1.10.0" is a plain semver version for pg-native
56 silly cache afterAdd pg-native@1.10.0
57 verbose afterAdd /home/neil/.npm/pg-native/1.10.0/package/package.json not in flight; writing
58 verbose correctMkdir /home/neil/.npm correctMkdir not in flight; initializing
59 verbose afterAdd /home/neil/.npm/pg-native/1.10.0/package/package.json written
60 silly fetchNamedPackageData libpq
61 silly mapToRegistry name libpq
62 silly mapToRegistry using default registry
63 silly mapToRegistry registry https://registry.npmjs.org/
64 silly mapToRegistry data Result {
64 silly mapToRegistry   raw: 'libpq',
64 silly mapToRegistry   scope: null,
64 silly mapToRegistry   escapedName: 'libpq',
64 silly mapToRegistry   name: 'libpq',
64 silly mapToRegistry   rawSpec: '',
64 silly mapToRegistry   spec: 'latest',
64 silly mapToRegistry   type: 'tag' }
65 silly mapToRegistry uri https://registry.npmjs.org/libpq
66 silly fetchNamedPackageData pg-types
67 silly mapToRegistry name pg-types
68 silly mapToRegistry using default registry
69 silly mapToRegistry registry https://registry.npmjs.org/
70 silly mapToRegistry data Result {
70 silly mapToRegistry   raw: 'pg-types',
70 silly mapToRegistry   scope: null,
70 silly mapToRegistry   escapedName: 'pg-types',
70 silly mapToRegistry   name: 'pg-types',
70 silly mapToRegistry   rawSpec: '',
70 silly mapToRegistry   spec: 'latest',
70 silly mapToRegistry   type: 'tag' }
71 silly mapToRegistry uri https://registry.npmjs.org/pg-types
72 silly fetchNamedPackageData readable-stream
73 silly mapToRegistry name readable-stream
74 silly mapToRegistry using default registry
75 silly mapToRegistry registry https://registry.npmjs.org/
76 silly mapToRegistry data Result {
76 silly mapToRegistry   raw: 'readable-stream',
76 silly mapToRegistry   scope: null,
76 silly mapToRegistry   escapedName: 'readable-stream',
76 silly mapToRegistry   name: 'readable-stream',
76 silly mapToRegistry   rawSpec: '',
76 silly mapToRegistry   spec: 'latest',
76 silly mapToRegistry   type: 'tag' }
77 silly mapToRegistry uri https://registry.npmjs.org/readable-stream
78 verbose request uri https://registry.npmjs.org/libpq
79 verbose request no auth needed
80 info attempt registry request try #1 at 7:27:08 PM
81 verbose etag W/"57a20e1d-e371"
82 verbose lastModified Wed, 03 Aug 2016 15:30:37 GMT
83 http request GET https://registry.npmjs.org/libpq
84 verbose request uri https://registry.npmjs.org/pg-types
85 verbose request no auth needed
86 info attempt registry request try #1 at 7:27:08 PM
87 verbose etag W/"571a65ca-4149"
88 verbose lastModified Fri, 22 Apr 2016 17:56:26 GMT
89 http request GET https://registry.npmjs.org/pg-types
90 verbose request uri https://registry.npmjs.org/readable-stream
91 verbose request no auth needed
92 info attempt registry request try #1 at 7:27:08 PM
93 verbose etag W/"58a3c082-123c5"
94 verbose lastModified Wed, 15 Feb 2017 02:44:18 GMT
95 http request GET https://registry.npmjs.org/readable-stream
96 http 304 https://registry.npmjs.org/libpq
97 verbose headers { date: 'Sat, 18 Feb 2017 19:27:08 GMT',
97 verbose headers   via: '1.1 varnish',
97 verbose headers   'cache-control': 'max-age=300',
97 verbose headers   etag: 'W/"57a20e1d-e371"',
97 verbose headers   age: '0',
97 verbose headers   connection: 'keep-alive',
97 verbose headers   'x-served-by': 'cache-lcy1121-LCY',
97 verbose headers   'x-cache': 'MISS',
97 verbose headers   'x-cache-hits': '0',
97 verbose headers   'x-timer': 'S1487446028.031963,VS0,VE18',
97 verbose headers   vary: 'Accept-Encoding' }
98 silly get cb [ 304,
98 silly get   { date: 'Sat, 18 Feb 2017 19:27:08 GMT',
98 silly get     via: '1.1 varnish',
98 silly get     'cache-control': 'max-age=300',
98 silly get     etag: 'W/"57a20e1d-e371"',
98 silly get     age: '0',
98 silly get     connection: 'keep-alive',
98 silly get     'x-served-by': 'cache-lcy1121-LCY',
98 silly get     'x-cache': 'MISS',
98 silly get     'x-cache-hits': '0',
98 silly get     'x-timer': 'S1487446028.031963,VS0,VE18',
98 silly get     vary: 'Accept-Encoding' } ]
99 verbose etag https://registry.npmjs.org/libpq from cache
100 verbose get saving libpq to /home/neil/.npm/registry.npmjs.org/libpq/.cache.json
101 verbose correctMkdir /home/neil/.npm correctMkdir not in flight; initializing
102 silly resolveWithNewModule libpq@1.8.5 checking installable status
103 silly cache add args [ 'libpq@^1.7.0', null ]
104 verbose cache add spec libpq@^1.7.0
105 silly cache add parsed spec Result {
105 silly cache add   raw: 'libpq@^1.7.0',
105 silly cache add   scope: null,
105 silly cache add   escapedName: 'libpq',
105 silly cache add   name: 'libpq',
105 silly cache add   rawSpec: '^1.7.0',
105 silly cache add   spec: '>=1.7.0 <2.0.0',
105 silly cache add   type: 'range' }
106 silly addNamed libpq@>=1.7.0 <2.0.0
107 verbose addNamed ">=1.7.0 <2.0.0" is a valid semver range for libpq
108 silly addNameRange { name: 'libpq', range: '>=1.7.0 <2.0.0', hasData: false }
109 silly mapToRegistry name libpq
110 silly mapToRegistry using default registry
111 silly mapToRegistry registry https://registry.npmjs.org/
112 silly mapToRegistry data Result {
112 silly mapToRegistry   raw: 'libpq',
112 silly mapToRegistry   scope: null,
112 silly mapToRegistry   escapedName: 'libpq',
112 silly mapToRegistry   name: 'libpq',
112 silly mapToRegistry   rawSpec: '',
112 silly mapToRegistry   spec: 'latest',
112 silly mapToRegistry   type: 'tag' }
113 silly mapToRegistry uri https://registry.npmjs.org/libpq
114 verbose addNameRange registry:https://registry.npmjs.org/libpq not in flight; fetching
115 verbose get https://registry.npmjs.org/libpq not expired, no request
116 silly addNameRange number 2 { name: 'libpq', range: '>=1.7.0 <2.0.0', hasData: true }
117 silly addNameRange versions [ 'libpq',
117 silly addNameRange   [ '0.2.0',
117 silly addNameRange     '0.2.1',
117 silly addNameRange     '0.2.2',
117 silly addNameRange     '0.2.3',
117 silly addNameRange     '0.2.4',
117 silly addNameRange     '0.2.5',
117 silly addNameRange     '0.3.0',
117 silly addNameRange     '0.4.0',
117 silly addNameRange     '0.4.1',
117 silly addNameRange     '0.5.0',
117 silly addNameRange     '0.5.1',
117 silly addNameRange     '0.5.2',
117 silly addNameRange     '0.5.3',
117 silly addNameRange     '1.0.0',
117 silly addNameRange     '1.0.1',
117 silly addNameRange     '1.1.0',
117 silly addNameRange     '1.2.0',
117 silly addNameRange     '1.2.1',
117 silly addNameRange     '1.3.0',
117 silly addNameRange     '1.3.1',
117 silly addNameRange     '1.4.0',
117 silly addNameRange     '1.4.1',
117 silly addNameRange     '1.4.2',
117 silly addNameRange     '1.5.1',
117 silly addNameRange     '1.6.0',
117 silly addNameRange     '1.6.1',
117 silly addNameRange     '1.6.2',
117 silly addNameRange     '1.6.3',
117 silly addNameRange     '1.6.4',
117 silly addNameRange     '1.7.0',
117 silly addNameRange     '1.8.0',
117 silly addNameRange     '1.8.1',
117 silly addNameRange     '1.8.2',
117 silly addNameRange     '1.8.3',
117 silly addNameRange     '1.8.4',
117 silly addNameRange     '1.8.5' ] ]
118 silly addNamed libpq@1.8.5
119 verbose addNamed "1.8.5" is a plain semver version for libpq
120 silly cache afterAdd libpq@1.8.5
121 verbose afterAdd /home/neil/.npm/libpq/1.8.5/package/package.json not in flight; writing
122 verbose correctMkdir /home/neil/.npm correctMkdir not in flight; initializing
123 verbose afterAdd /home/neil/.npm/libpq/1.8.5/package/package.json written
124 http 304 https://registry.npmjs.org/readable-stream
125 verbose headers { date: 'Sat, 18 Feb 2017 19:27:08 GMT',
125 verbose headers   via: '1.1 varnish',
125 verbose headers   'cache-control': 'max-age=300',
125 verbose headers   etag: 'W/"58a3c082-123c5"',
125 verbose headers   age: '169',
125 verbose headers   connection: 'keep-alive',
125 verbose headers   'x-served-by': 'cache-lcy1151-LCY',
125 verbose headers   'x-cache': 'HIT',
125 verbose headers   'x-cache-hits': '3',
125 verbose headers   'x-timer': 'S1487446028.081591,VS0,VE0',
125 verbose headers   vary: 'Accept-Encoding' }
126 silly get cb [ 304,
126 silly get   { date: 'Sat, 18 Feb 2017 19:27:08 GMT',
126 silly get     via: '1.1 varnish',
126 silly get     'cache-control': 'max-age=300',
126 silly get     etag: 'W/"58a3c082-123c5"',
126 silly get     age: '169',
126 silly get     connection: 'keep-alive',
126 silly get     'x-served-by': 'cache-lcy1151-LCY',
126 silly get     'x-cache': 'HIT',
126 silly get     'x-cache-hits': '3',
126 silly get     'x-timer': 'S1487446028.081591,VS0,VE0',
126 silly get     vary: 'Accept-Encoding' } ]
127 verbose etag https://registry.npmjs.org/readable-stream from cache
128 verbose get saving readable-stream to /home/neil/.npm/registry.npmjs.org/readable-stream/.cache.json
129 verbose correctMkdir /home/neil/.npm correctMkdir not in flight; initializing
130 silly resolveWithNewModule readable-stream@1.0.31 checking installable status
131 silly cache add args [ 'readable-stream@1.0.31', null ]
132 verbose cache add spec readable-stream@1.0.31
133 silly cache add parsed spec Result {
133 silly cache add   raw: 'readable-stream@1.0.31',
133 silly cache add   scope: null,
133 silly cache add   escapedName: 'readable-stream',
133 silly cache add   name: 'readable-stream',
133 silly cache add   rawSpec: '1.0.31',
133 silly cache add   spec: '1.0.31',
133 silly cache add   type: 'version' }
134 silly addNamed readable-stream@1.0.31
135 verbose addNamed "1.0.31" is a plain semver version for readable-stream
136 silly mapToRegistry name readable-stream
137 silly mapToRegistry using default registry
138 silly mapToRegistry registry https://registry.npmjs.org/
139 silly mapToRegistry data Result {
139 silly mapToRegistry   raw: 'readable-stream',
139 silly mapToRegistry   scope: null,
139 silly mapToRegistry   escapedName: 'readable-stream',
139 silly mapToRegistry   name: 'readable-stream',
139 silly mapToRegistry   rawSpec: '',
139 silly mapToRegistry   spec: 'latest',
139 silly mapToRegistry   type: 'tag' }
140 silly mapToRegistry uri https://registry.npmjs.org/readable-stream
141 verbose addNameVersion registry:https://registry.npmjs.org/readable-stream not in flight; fetching
142 verbose get https://registry.npmjs.org/readable-stream not expired, no request
143 silly cache afterAdd readable-stream@1.0.31
144 verbose afterAdd /home/neil/.npm/readable-stream/1.0.31/package/package.json not in flight; writing
145 verbose correctMkdir /home/neil/.npm correctMkdir not in flight; initializing
146 http 304 https://registry.npmjs.org/pg-types
147 verbose headers { date: 'Sat, 18 Feb 2017 19:27:08 GMT',
147 verbose headers   via: '1.1 varnish',
147 verbose headers   'cache-control': 'max-age=300',
147 verbose headers   etag: 'W/"571a65ca-4149"',
147 verbose headers   age: '263',
147 verbose headers   connection: 'keep-alive',
147 verbose headers   'x-served-by': 'cache-lhr6328-LHR',
147 verbose headers   'x-cache': 'HIT',
147 verbose headers   'x-cache-hits': '1',
147 verbose headers   'x-timer': 'S1487446028.098968,VS0,VE0',
147 verbose headers   vary: 'Accept-Encoding' }
148 silly get cb [ 304,
148 silly get   { date: 'Sat, 18 Feb 2017 19:27:08 GMT',
148 silly get     via: '1.1 varnish',
148 silly get     'cache-control': 'max-age=300',
148 silly get     etag: 'W/"571a65ca-4149"',
148 silly get     age: '263',
148 silly get     connection: 'keep-alive',
148 silly get     'x-served-by': 'cache-lhr6328-LHR',
148 silly get     'x-cache': 'HIT',
148 silly get     'x-cache-hits': '1',
148 silly get     'x-timer': 'S1487446028.098968,VS0,VE0',
148 silly get     vary: 'Accept-Encoding' } ]
149 verbose etag https://registry.npmjs.org/pg-types from cache
150 verbose get saving pg-types to /home/neil/.npm/registry.npmjs.org/pg-types/.cache.json
151 verbose correctMkdir /home/neil/.npm correctMkdir not in flight; initializing
152 verbose afterAdd /home/neil/.npm/readable-stream/1.0.31/package/package.json written
153 silly resolveWithNewModule pg-types@1.6.0 checking installable status
154 silly cache add args [ 'pg-types@1.6.0', null ]
155 verbose cache add spec pg-types@1.6.0
156 silly cache add parsed spec Result {
156 silly cache add   raw: 'pg-types@1.6.0',
156 silly cache add   scope: null,
156 silly cache add   escapedName: 'pg-types',
156 silly cache add   name: 'pg-types',
156 silly cache add   rawSpec: '1.6.0',
156 silly cache add   spec: '1.6.0',
156 silly cache add   type: 'version' }
157 silly addNamed pg-types@1.6.0
158 verbose addNamed "1.6.0" is a plain semver version for pg-types
159 silly mapToRegistry name pg-types
160 silly mapToRegistry using default registry
161 silly mapToRegistry registry https://registry.npmjs.org/
162 silly mapToRegistry data Result {
162 silly mapToRegistry   raw: 'pg-types',
162 silly mapToRegistry   scope: null,
162 silly mapToRegistry   escapedName: 'pg-types',
162 silly mapToRegistry   name: 'pg-types',
162 silly mapToRegistry   rawSpec: '',
162 silly mapToRegistry   spec: 'latest',
162 silly mapToRegistry   type: 'tag' }
163 silly mapToRegistry uri https://registry.npmjs.org/pg-types
164 verbose addNameVersion registry:https://registry.npmjs.org/pg-types not in flight; fetching
165 verbose get https://registry.npmjs.org/pg-types not expired, no request
166 silly cache afterAdd pg-types@1.6.0
167 verbose afterAdd /home/neil/.npm/pg-types/1.6.0/package/package.json not in flight; writing
168 verbose correctMkdir /home/neil/.npm correctMkdir not in flight; initializing
169 verbose afterAdd /home/neil/.npm/pg-types/1.6.0/package/package.json written
170 silly fetchNamedPackageData nan
171 silly mapToRegistry name nan
172 silly mapToRegistry using default registry
173 silly mapToRegistry registry https://registry.npmjs.org/
174 silly mapToRegistry data Result {
174 silly mapToRegistry   raw: 'nan',
174 silly mapToRegistry   scope: null,
174 silly mapToRegistry   escapedName: 'nan',
174 silly mapToRegistry   name: 'nan',
174 silly mapToRegistry   rawSpec: '',
174 silly mapToRegistry   spec: 'latest',
174 silly mapToRegistry   type: 'tag' }
175 silly mapToRegistry uri https://registry.npmjs.org/nan
176 silly fetchNamedPackageData bindings
177 silly mapToRegistry name bindings
178 silly mapToRegistry using default registry
179 silly mapToRegistry registry https://registry.npmjs.org/
180 silly mapToRegistry data Result {
180 silly mapToRegistry   raw: 'bindings',
180 silly mapToRegistry   scope: null,
180 silly mapToRegistry   escapedName: 'bindings',
180 silly mapToRegistry   name: 'bindings',
180 silly mapToRegistry   rawSpec: '',
180 silly mapToRegistry   spec: 'latest',
180 silly mapToRegistry   type: 'tag' }
181 silly mapToRegistry uri https://registry.npmjs.org/bindings
182 verbose request uri https://registry.npmjs.org/bindings
183 verbose request no auth needed
184 info attempt registry request try #1 at 7:27:08 PM
185 verbose etag W/"580645d3-46f7"
186 verbose lastModified Tue, 18 Oct 2016 15:54:59 GMT
187 http request GET https://registry.npmjs.org/bindings
188 verbose request uri https://registry.npmjs.org/nan
189 verbose request no auth needed
190 info attempt registry request try #1 at 7:27:08 PM
191 verbose etag W/"58a44b6b-1df62"
192 verbose lastModified Wed, 15 Feb 2017 12:36:59 GMT
193 http request GET https://registry.npmjs.org/nan
194 http 304 https://registry.npmjs.org/nan
195 verbose headers { date: 'Sat, 18 Feb 2017 19:27:08 GMT',
195 verbose headers   via: '1.1 varnish',
195 verbose headers   'cache-control': 'max-age=300',
195 verbose headers   etag: 'W/"58a44b6b-1df62"',
195 verbose headers   age: '101',
195 verbose headers   connection: 'keep-alive',
195 verbose headers   'x-served-by': 'cache-lcy1151-LCY',
195 verbose headers   'x-cache': 'HIT',
195 verbose headers   'x-cache-hits': '2',
195 verbose headers   'x-timer': 'S1487446028.141983,VS0,VE0',
195 verbose headers   vary: 'Accept-Encoding' }
196 silly get cb [ 304,
196 silly get   { date: 'Sat, 18 Feb 2017 19:27:08 GMT',
196 silly get     via: '1.1 varnish',
196 silly get     'cache-control': 'max-age=300',
196 silly get     etag: 'W/"58a44b6b-1df62"',
196 silly get     age: '101',
196 silly get     connection: 'keep-alive',
196 silly get     'x-served-by': 'cache-lcy1151-LCY',
196 silly get     'x-cache': 'HIT',
196 silly get     'x-cache-hits': '2',
196 silly get     'x-timer': 'S1487446028.141983,VS0,VE0',
196 silly get     vary: 'Accept-Encoding' } ]
197 verbose etag https://registry.npmjs.org/nan from cache
198 verbose get saving nan to /home/neil/.npm/registry.npmjs.org/nan/.cache.json
199 verbose correctMkdir /home/neil/.npm correctMkdir not in flight; initializing
200 http 304 https://registry.npmjs.org/bindings
201 verbose headers { date: 'Sat, 18 Feb 2017 19:27:08 GMT',
201 verbose headers   via: '1.1 varnish',
201 verbose headers   'cache-control': 'max-age=300',
201 verbose headers   etag: 'W/"580645d3-46f7"',
201 verbose headers   age: '273',
201 verbose headers   connection: 'keep-alive',
201 verbose headers   'x-served-by': 'cache-lcy1121-LCY',
201 verbose headers   'x-cache': 'HIT',
201 verbose headers   'x-cache-hits': '2',
201 verbose headers   'x-timer': 'S1487446028.141876,VS0,VE0',
201 verbose headers   vary: 'Accept-Encoding' }
202 silly get cb [ 304,
202 silly get   { date: 'Sat, 18 Feb 2017 19:27:08 GMT',
202 silly get     via: '1.1 varnish',
202 silly get     'cache-control': 'max-age=300',
202 silly get     etag: 'W/"580645d3-46f7"',
202 silly get     age: '273',
202 silly get     connection: 'keep-alive',
202 silly get     'x-served-by': 'cache-lcy1121-LCY',
202 silly get     'x-cache': 'HIT',
202 silly get     'x-cache-hits': '2',
202 silly get     'x-timer': 'S1487446028.141876,VS0,VE0',
202 silly get     vary: 'Accept-Encoding' } ]
203 verbose etag https://registry.npmjs.org/bindings from cache
204 verbose get saving bindings to /home/neil/.npm/registry.npmjs.org/bindings/.cache.json
205 verbose correctMkdir /home/neil/.npm correctMkdir not in flight; initializing
206 silly resolveWithNewModule bindings@1.2.1 checking installable status
207 silly cache add args [ 'bindings@1.2.1', null ]
208 verbose cache add spec bindings@1.2.1
209 silly cache add parsed spec Result {
209 silly cache add   raw: 'bindings@1.2.1',
209 silly cache add   scope: null,
209 silly cache add   escapedName: 'bindings',
209 silly cache add   name: 'bindings',
209 silly cache add   rawSpec: '1.2.1',
209 silly cache add   spec: '1.2.1',
209 silly cache add   type: 'version' }
210 silly addNamed bindings@1.2.1
211 verbose addNamed "1.2.1" is a plain semver version for bindings
212 silly mapToRegistry name bindings
213 silly mapToRegistry using default registry
214 silly mapToRegistry registry https://registry.npmjs.org/
215 silly mapToRegistry data Result {
215 silly mapToRegistry   raw: 'bindings',
215 silly mapToRegistry   scope: null,
215 silly mapToRegistry   escapedName: 'bindings',
215 silly mapToRegistry   name: 'bindings',
215 silly mapToRegistry   rawSpec: '',
215 silly mapToRegistry   spec: 'latest',
215 silly mapToRegistry   type: 'tag' }
216 silly mapToRegistry uri https://registry.npmjs.org/bindings
217 verbose addNameVersion registry:https://registry.npmjs.org/bindings not in flight; fetching
218 verbose get https://registry.npmjs.org/bindings not expired, no request
219 silly resolveWithNewModule nan@2.5.1 checking installable status
220 silly cache add args [ 'nan@^2.3.0', null ]
221 verbose cache add spec nan@^2.3.0
222 silly cache add parsed spec Result {
222 silly cache add   raw: 'nan@^2.3.0',
222 silly cache add   scope: null,
222 silly cache add   escapedName: 'nan',
222 silly cache add   name: 'nan',
222 silly cache add   rawSpec: '^2.3.0',
222 silly cache add   spec: '>=2.3.0 <3.0.0',
222 silly cache add   type: 'range' }
223 silly addNamed nan@>=2.3.0 <3.0.0
224 verbose addNamed ">=2.3.0 <3.0.0" is a valid semver range for nan
225 silly addNameRange { name: 'nan', range: '>=2.3.0 <3.0.0', hasData: false }
226 silly mapToRegistry name nan
227 silly mapToRegistry using default registry
228 silly mapToRegistry registry https://registry.npmjs.org/
229 silly mapToRegistry data Result {
229 silly mapToRegistry   raw: 'nan',
229 silly mapToRegistry   scope: null,
229 silly mapToRegistry   escapedName: 'nan',
229 silly mapToRegistry   name: 'nan',
229 silly mapToRegistry   rawSpec: '',
229 silly mapToRegistry   spec: 'latest',
229 silly mapToRegistry   type: 'tag' }
230 silly mapToRegistry uri https://registry.npmjs.org/nan
231 verbose addNameRange registry:https://registry.npmjs.org/nan not in flight; fetching
232 silly cache afterAdd bindings@1.2.1
233 verbose afterAdd /home/neil/.npm/bindings/1.2.1/package/package.json not in flight; writing
234 verbose correctMkdir /home/neil/.npm correctMkdir not in flight; initializing
235 verbose get https://registry.npmjs.org/nan not expired, no request
236 silly addNameRange number 2 { name: 'nan', range: '>=2.3.0 <3.0.0', hasData: true }
237 silly addNameRange versions [ 'nan',
237 silly addNameRange   [ '0.3.0-wip',
237 silly addNameRange     '0.3.0-wip2',
237 silly addNameRange     '0.3.0',
237 silly addNameRange     '0.3.1',
237 silly addNameRange     '0.3.2',
237 silly addNameRange     '0.4.0',
237 silly addNameRange     '0.4.1',
237 silly addNameRange     '0.4.2',
237 silly addNameRange     '0.4.3',
237 silly addNameRange     '0.4.4',
237 silly addNameRange     '0.5.0',
237 silly addNameRange     '0.5.1',
237 silly addNameRange     '0.5.2',
237 silly addNameRange     '0.6.0',
237 silly addNameRange     '0.7.0',
237 silly addNameRange     '0.7.1',
237 silly addNameRange     '0.8.0',
237 silly addNameRange     '1.0.0',
237 silly addNameRange     '1.1.0',
237 silly addNameRange     '1.1.1',
237 silly addNameRange     '1.1.2',
237 silly addNameRange     '1.2.0',
237 silly addNameRange     '1.3.0',
237 silly addNameRange     '1.4.0',
237 silly addNameRange     '1.4.1',
237 silly addNameRange     '1.5.0',
237 silly addNameRange     '1.4.2',
237 silly addNameRange     '1.4.3',
237 silly addNameRange     '1.5.1',
237 silly addNameRange     '1.5.2',
237 silly addNameRange     '1.6.0',
237 silly addNameRange     '1.5.3',
237 silly addNameRange     '1.6.1',
237 silly addNameRange     '1.6.2',
237 silly addNameRange     '1.7.0',
237 silly addNameRange     '1.8.0',
237 silly addNameRange     '1.8.1',
237 silly addNameRange     '1.8.2',
237 silly addNameRange     '1.8.3',
237 silly addNameRange     '1.8.4',
237 silly addNameRange     '1.9.0',
237 silly addNameRange     '2.0.0',
237 silly addNameRange     '2.0.1',
237 silly addNameRange     '2.0.2',
237 silly addNameRange     '2.0.3',
237 silly addNameRange     '2.0.4',
237 silly addNameRange     '2.0.5',
237 silly addNameRange     '2.0.6',
237 silly addNameRange     '2.0.7',
237 silly addNameRange     '2.0.8',
237 silly addNameRange     '2.0.9',
237 silly addNameRange     '2.1.0',
237 silly addNameRange     '2.2.0',
237 silly addNameRange     '2.2.1',
237 silly addNameRange     '2.3.0',
237 silly addNameRange     '2.3.1',
237 silly addNameRange     '2.3.2',
237 silly addNameRange     '2.3.3',
237 silly addNameRange     '2.3.4',
237 silly addNameRange     '2.3.5',
237 silly addNameRange     '2.4.0',
237 silly addNameRange     '2.5.0',
237 silly addNameRange     '2.5.1' ] ]
238 silly addNamed nan@2.5.1
239 verbose addNamed "2.5.1" is a plain semver version for nan
240 silly cache afterAdd nan@2.5.1
241 verbose afterAdd /home/neil/.npm/nan/2.5.1/package/package.json not in flight; writing
242 verbose correctMkdir /home/neil/.npm correctMkdir not in flight; initializing
243 verbose afterAdd /home/neil/.npm/bindings/1.2.1/package/package.json written
244 verbose afterAdd /home/neil/.npm/nan/2.5.1/package/package.json written
245 silly fetchNamedPackageData isarray
246 silly mapToRegistry name isarray
247 silly mapToRegistry using default registry
248 silly mapToRegistry registry https://registry.npmjs.org/
249 silly mapToRegistry data Result {
249 silly mapToRegistry   raw: 'isarray',
249 silly mapToRegistry   scope: null,
249 silly mapToRegistry   escapedName: 'isarray',
249 silly mapToRegistry   name: 'isarray',
249 silly mapToRegistry   rawSpec: '',
249 silly mapToRegistry   spec: 'latest',
249 silly mapToRegistry   type: 'tag' }
250 silly mapToRegistry uri https://registry.npmjs.org/isarray
251 verbose request uri https://registry.npmjs.org/isarray
252 verbose request no auth needed
253 info attempt registry request try #1 at 7:27:08 PM
254 verbose etag W/"5818d2eb-226a"
255 verbose lastModified Tue, 01 Nov 2016 17:37:47 GMT
256 http request GET https://registry.npmjs.org/isarray
257 http 304 https://registry.npmjs.org/isarray
258 verbose headers { date: 'Sat, 18 Feb 2017 19:27:08 GMT',
258 verbose headers   via: '1.1 varnish',
258 verbose headers   'cache-control': 'max-age=300',
258 verbose headers   etag: 'W/"5818d2eb-226a"',
258 verbose headers   age: '274',
258 verbose headers   connection: 'keep-alive',
258 verbose headers   'x-served-by': 'cache-lhr6328-LHR',
258 verbose headers   'x-cache': 'HIT',
258 verbose headers   'x-cache-hits': '11',
258 verbose headers   'x-timer': 'S1487446028.194984,VS0,VE0',
258 verbose headers   vary: 'Accept-Encoding' }
259 silly get cb [ 304,
259 silly get   { date: 'Sat, 18 Feb 2017 19:27:08 GMT',
259 silly get     via: '1.1 varnish',
259 silly get     'cache-control': 'max-age=300',
259 silly get     etag: 'W/"5818d2eb-226a"',
259 silly get     age: '274',
259 silly get     connection: 'keep-alive',
259 silly get     'x-served-by': 'cache-lhr6328-LHR',
259 silly get     'x-cache': 'HIT',
259 silly get     'x-cache-hits': '11',
259 silly get     'x-timer': 'S1487446028.194984,VS0,VE0',
259 silly get     vary: 'Accept-Encoding' } ]
260 verbose etag https://registry.npmjs.org/isarray from cache
261 verbose get saving isarray to /home/neil/.npm/registry.npmjs.org/isarray/.cache.json
262 verbose correctMkdir /home/neil/.npm correctMkdir not in flight; initializing
263 silly resolveWithNewModule isarray@0.0.1 checking installable status
264 silly cache add args [ 'isarray@0.0.1', null ]
265 verbose cache add spec isarray@0.0.1
266 silly cache add parsed spec Result {
266 silly cache add   raw: 'isarray@0.0.1',
266 silly cache add   scope: null,
266 silly cache add   escapedName: 'isarray',
266 silly cache add   name: 'isarray',
266 silly cache add   rawSpec: '0.0.1',
266 silly cache add   spec: '0.0.1',
266 silly cache add   type: 'version' }
267 silly addNamed isarray@0.0.1
268 verbose addNamed "0.0.1" is a plain semver version for isarray
269 silly mapToRegistry name isarray
270 silly mapToRegistry using default registry
271 silly mapToRegistry registry https://registry.npmjs.org/
272 silly mapToRegistry data Result {
272 silly mapToRegistry   raw: 'isarray',
272 silly mapToRegistry   scope: null,
272 silly mapToRegistry   escapedName: 'isarray',
272 silly mapToRegistry   name: 'isarray',
272 silly mapToRegistry   rawSpec: '',
272 silly mapToRegistry   spec: 'latest',
272 silly mapToRegistry   type: 'tag' }
273 silly mapToRegistry uri https://registry.npmjs.org/isarray
274 verbose addNameVersion registry:https://registry.npmjs.org/isarray not in flight; fetching
275 verbose get https://registry.npmjs.org/isarray not expired, no request
276 silly cache afterAdd isarray@0.0.1
277 verbose afterAdd /home/neil/.npm/isarray/0.0.1/package/package.json not in flight; writing
278 verbose correctMkdir /home/neil/.npm correctMkdir not in flight; initializing
279 verbose afterAdd /home/neil/.npm/isarray/0.0.1/package/package.json written
280 silly fetchNamedPackageData fsevents
281 silly mapToRegistry name fsevents
282 silly mapToRegistry using default registry
283 silly mapToRegistry registry https://registry.npmjs.org/
284 silly mapToRegistry data Result {
284 silly mapToRegistry   raw: 'fsevents',
284 silly mapToRegistry   scope: null,
284 silly mapToRegistry   escapedName: 'fsevents',
284 silly mapToRegistry   name: 'fsevents',
284 silly mapToRegistry   rawSpec: '',
284 silly mapToRegistry   spec: 'latest',
284 silly mapToRegistry   type: 'tag' }
285 silly mapToRegistry uri https://registry.npmjs.org/fsevents
286 verbose request uri https://registry.npmjs.org/fsevents
287 verbose request no auth needed
288 info attempt registry request try #1 at 7:27:08 PM
289 verbose etag W/"5896f7ec-c263"
290 verbose lastModified Sun, 05 Feb 2017 10:01:16 GMT
291 http request GET https://registry.npmjs.org/fsevents
292 http 304 https://registry.npmjs.org/fsevents
293 verbose headers { date: 'Sat, 18 Feb 2017 19:27:08 GMT',
293 verbose headers   via: '1.1 varnish',
293 verbose headers   'cache-control': 'max-age=300',
293 verbose headers   etag: 'W/"5896f7ec-c263"',
293 verbose headers   age: '85',
293 verbose headers   connection: 'keep-alive',
293 verbose headers   'x-served-by': 'cache-lcy1151-LCY',
293 verbose headers   'x-cache': 'HIT',
293 verbose headers   'x-cache-hits': '2',
293 verbose headers   'x-timer': 'S1487446028.307736,VS0,VE0',
293 verbose headers   vary: 'Accept-Encoding' }
294 silly get cb [ 304,
294 silly get   { date: 'Sat, 18 Feb 2017 19:27:08 GMT',
294 silly get     via: '1.1 varnish',
294 silly get     'cache-control': 'max-age=300',
294 silly get     etag: 'W/"5896f7ec-c263"',
294 silly get     age: '85',
294 silly get     connection: 'keep-alive',
294 silly get     'x-served-by': 'cache-lcy1151-LCY',
294 silly get     'x-cache': 'HIT',
294 silly get     'x-cache-hits': '2',
294 silly get     'x-timer': 'S1487446028.307736,VS0,VE0',
294 silly get     vary: 'Accept-Encoding' } ]
295 verbose etag https://registry.npmjs.org/fsevents from cache
296 verbose get saving fsevents to /home/neil/.npm/registry.npmjs.org/fsevents/.cache.json
297 verbose correctMkdir /home/neil/.npm correctMkdir not in flight; initializing
298 silly resolveWithNewModule fsevents@1.0.17 checking installable status
299 silly loadAllDepsIntoIdealTree Finishing
300 silly loadIdealTree Finishing
301 silly currentTree zf2modelgenerator@1.0.0
301 silly currentTree ├── @types/node@7.0.5
301 silly currentTree ├── @types/pg-types@1.11.1
301 silly currentTree ├── @types/pg@6.1.36
301 silly currentTree ├── accepts@1.3.3
301 silly currentTree ├── acorn-dynamic-import@2.0.1
301 silly currentTree ├── acorn@4.0.11
301 silly currentTree ├── ajv-keywords@1.5.1
301 silly currentTree ├── ajv@4.11.3
301 silly currentTree ├── align-text@0.1.4
301 silly currentTree ├── amdefine@1.0.1
301 silly currentTree ├── ansi-html@0.0.7
301 silly currentTree ├── ansi-regex@2.1.1
301 silly currentTree ├── anymatch@1.3.0
301 silly currentTree ├── ap@0.2.0
301 silly currentTree ├── arr-diff@2.0.0
301 silly currentTree ├── arr-flatten@1.0.1
301 silly currentTree ├── array-flatten@1.1.1
301 silly currentTree ├── array-unique@0.2.1
301 silly currentTree ├── arrify@1.0.1
301 silly currentTree ├── asn1.js@4.9.1
301 silly currentTree ├── assert@1.4.1
301 silly currentTree ├── async-each@1.0.1
301 silly currentTree ├── async@0.9.2
301 silly currentTree ├── awesome-typescript-loader@3.0.4
301 silly currentTree ├── balanced-match@0.4.2
301 silly currentTree ├── base64-js@1.2.0
301 silly currentTree ├── batch@0.5.3
301 silly currentTree ├── big.js@3.1.3
301 silly currentTree ├── binary-extensions@1.8.0
301 silly currentTree ├── bn.js@4.11.6
301 silly currentTree ├── brace-expansion@1.1.6
301 silly currentTree ├── braces@1.8.5
301 silly currentTree ├── brorand@1.0.7
301 silly currentTree ├── browserify-aes@1.0.6
301 silly currentTree ├── browserify-cipher@1.0.0
301 silly currentTree ├── browserify-des@1.0.0
301 silly currentTree ├── browserify-rsa@4.0.1
301 silly currentTree ├── browserify-sign@4.0.0
301 silly currentTree ├── browserify-zlib@0.1.4
301 silly currentTree ├── buffer-shims@1.0.0
301 silly currentTree ├── buffer-writer@1.0.1
301 silly currentTree ├── buffer-xor@1.0.3
301 silly currentTree ├── buffer@4.9.1
301 silly currentTree ├── builtin-modules@1.1.1
301 silly currentTree ├── builtin-status-codes@3.0.0
301 silly currentTree ├── bytes@2.3.0
301 silly currentTree ├── camelcase@1.2.1
301 silly currentTree ├── center-align@0.1.3
301 silly currentTree ├── chokidar@1.6.1
301 silly currentTree ├── cipher-base@1.0.3
301 silly currentTree ├── cliui@2.1.0
301 silly currentTree ├── co@4.6.0
301 silly currentTree ├── code-point-at@1.1.0
301 silly currentTree ├── colors@1.1.2
301 silly currentTree ├── commander@2.9.0
301 silly currentTree ├── compressible@2.0.9
301 silly currentTree ├── compression@1.6.2
301 silly currentTree ├── concat-map@0.0.1
301 silly currentTree ├── connect-history-api-fallback@1.3.0
301 silly currentTree ├── console-browserify@1.1.0
301 silly currentTree ├── constants-browserify@1.0.0
301 silly currentTree ├── content-disposition@0.5.2
301 silly currentTree ├── content-type@1.0.2
301 silly currentTree ├── cookie-signature@1.0.6
301 silly currentTree ├── cookie@0.3.1
301 silly currentTree ├── core-util-is@1.0.2
301 silly currentTree ├── create-ecdh@4.0.0
301 silly currentTree ├── create-hash@1.1.2
301 silly currentTree ├── create-hmac@1.1.4
301 silly currentTree ├── crypto-browserify@3.11.0
301 silly currentTree ├── date-now@0.1.4
301 silly currentTree ├── debug@2.2.0
301 silly currentTree ├── decamelize@1.2.0
301 silly currentTree ├── depd@1.1.0
301 silly currentTree ├── des.js@1.0.0
301 silly currentTree ├── destroy@1.0.4
301 silly currentTree ├── diffie-hellman@5.0.2
301 silly currentTree ├── domain-browser@1.1.7
301 silly currentTree ├── ee-first@1.1.1
301 silly currentTree ├── elliptic@6.3.3
301 silly currentTree ├── emojis-list@2.1.0
301 silly currentTree ├── encodeurl@1.0.1
301 silly currentTree ├── enhanced-resolve@3.1.0
301 silly currentTree ├── errno@0.1.4
301 silly currentTree ├── error-ex@1.3.0
301 silly currentTree ├── escape-html@1.0.3
301 silly currentTree ├── etag@1.7.0
301 silly currentTree ├── eventemitter3@1.2.0
301 silly currentTree ├── events@1.1.1
301 silly currentTree ├── eventsource@0.1.6
301 silly currentTree ├── evp_bytestokey@1.0.0
301 silly currentTree ├── expand-brackets@0.1.5
301 silly currentTree ├── expand-range@1.8.2
301 silly currentTree ├── express@4.14.1
301 silly currentTree ├── extglob@0.3.2
301 silly currentTree ├── faye-websocket@0.10.0
301 silly currentTree ├── filename-regex@2.0.0
301 silly currentTree ├── fill-range@2.2.3
301 silly currentTree ├── finalhandler@0.5.1
301 silly currentTree ├── find-up@1.1.2
301 silly currentTree ├── for-in@0.1.6
301 silly currentTree ├── for-own@0.1.4
301 silly currentTree ├── forwarded@0.1.0
301 silly currentTree ├── fresh@0.3.0
301 silly currentTree ├── fs@0.0.1-security
301 silly currentTree ├── generic-pool@2.4.2
301 silly currentTree ├── get-caller-file@1.0.2
301 silly currentTree ├── glob-base@0.3.0
301 silly currentTree ├── glob-parent@2.0.0
301 silly currentTree ├── graceful-fs@4.1.11
301 silly currentTree ├── graceful-readlink@1.0.1
301 silly currentTree ├── handle-thing@1.2.5
301 silly currentTree ├── has-flag@1.0.0
301 silly currentTree ├── hash.js@1.0.3
301 silly currentTree ├── hosted-git-info@2.2.0
301 silly currentTree ├── hpack.js@2.1.6
301 silly currentTree ├── html-entities@1.2.0
301 silly currentTree ├── http-deceiver@1.2.7
301 silly currentTree ├── http-errors@1.5.1
301 silly currentTree ├─┬ http-proxy-middleware@0.17.3
301 silly currentTree │ ├── is-extglob@2.1.1
301 silly currentTree │ └── is-glob@3.1.0
301 silly currentTree ├── http-proxy@1.16.2
301 silly currentTree ├── https-browserify@0.0.1
301 silly currentTree ├── ieee754@1.1.8
301 silly currentTree ├── indexof@0.0.1
301 silly currentTree ├── inherits@2.0.3
301 silly currentTree ├── interpret@1.0.1
301 silly currentTree ├── invert-kv@1.0.0
301 silly currentTree ├── ipaddr.js@1.2.0
301 silly currentTree ├── is-arrayish@0.2.1
301 silly currentTree ├── is-binary-path@1.0.1
301 silly currentTree ├── is-buffer@1.1.4
301 silly currentTree ├── is-builtin-module@1.0.0
301 silly currentTree ├── is-dotfile@1.0.2
301 silly currentTree ├── is-equal-shallow@0.1.3
301 silly currentTree ├── is-extendable@0.1.1
301 silly currentTree ├── is-extglob@1.0.0
301 silly currentTree ├── is-fullwidth-code-point@1.0.0
301 silly currentTree ├── is-glob@2.0.1
301 silly currentTree ├── is-number@2.1.0
301 silly currentTree ├── is-posix-bracket@0.1.1
301 silly currentTree ├── is-primitive@2.0.0
301 silly currentTree ├── is-utf8@0.2.1
301 silly currentTree ├── isarray@1.0.0
301 silly currentTree ├── isobject@2.1.0
301 silly currentTree ├── json-loader@0.5.4
301 silly currentTree ├── json-stable-stringify@1.0.1
301 silly currentTree ├── json3@3.3.2
301 silly currentTree ├── json5@0.5.1
301 silly currentTree ├── jsonify@0.0.0
301 silly currentTree ├── kind-of@3.1.0
301 silly currentTree ├── lazy-cache@1.0.4
301 silly currentTree ├── lcid@1.0.0
301 silly currentTree ├── load-json-file@1.1.0
301 silly currentTree ├── loader-runner@2.3.0
301 silly currentTree ├── loader-utils@0.2.16
301 silly currentTree ├── lodash@4.17.4
301 silly currentTree ├── longest@1.0.1
301 silly currentTree ├── media-typer@0.3.0
301 silly currentTree ├── memory-fs@0.4.1
301 silly currentTree ├── merge-descriptors@1.0.1
301 silly currentTree ├── methods@1.1.2
301 silly currentTree ├── micromatch@2.3.11
301 silly currentTree ├── miller-rabin@4.0.0
301 silly currentTree ├── mime-db@1.26.0
301 silly currentTree ├── mime-types@2.1.14
301 silly currentTree ├── mime@1.3.4
301 silly currentTree ├── minimalistic-assert@1.0.0
301 silly currentTree ├── minimatch@3.0.3
301 silly currentTree ├── minimist@0.0.8
301 silly currentTree ├── mkdirp@0.5.1
301 silly currentTree ├── moment@2.17.1
301 silly currentTree ├── ms@0.7.1
301 silly currentTree ├── negotiator@0.6.1
301 silly currentTree ├── node-libs-browser@2.0.0
301 silly currentTree ├── normalize-package-data@2.3.5
301 silly currentTree ├── normalize-path@2.0.1
301 silly currentTree ├── number-is-nan@1.0.1
301 silly currentTree ├── object-assign@4.1.1
301 silly currentTree ├── object.omit@2.0.1
301 silly currentTree ├── obuf@1.1.1
301 silly currentTree ├── on-finished@2.3.0
301 silly currentTree ├── on-headers@1.0.1
301 silly currentTree ├── opn@4.0.2
301 silly currentTree ├─┬ original@1.0.0
301 silly currentTree │ └── url-parse@1.0.5
301 silly currentTree ├── os-browserify@0.2.1
301 silly currentTree ├── os-locale@1.4.0
301 silly currentTree ├── packet-reader@0.2.0
301 silly currentTree ├── pako@0.2.9
301 silly currentTree ├── parse-asn1@5.0.0
301 silly currentTree ├── parse-glob@3.0.4
301 silly currentTree ├── parse-json@2.2.0
301 silly currentTree ├── parseurl@1.3.1
301 silly currentTree ├── path-browserify@0.0.0
301 silly currentTree ├── path-exists@2.1.0
301 silly currentTree ├── path-is-absolute@1.0.1
301 silly currentTree ├── path-to-regexp@0.1.7
301 silly currentTree ├── path-type@1.1.0
301 silly currentTree ├── pbkdf2@3.0.9
301 silly currentTree ├── pg-connection-string@0.1.3
301 silly currentTree ├─┬ pg-pool@1.6.0
301 silly currentTree │ └── object-assign@4.1.0
301 silly currentTree ├── pg-types@1.11.0
301 silly currentTree ├── pg@6.1.2
301 silly currentTree ├── pgpass@1.0.1
301 silly currentTree ├── pify@2.3.0
301 silly currentTree ├── pinkie-promise@2.0.1
301 silly currentTree ├── pinkie@2.0.4
301 silly currentTree ├─┬ portfinder@1.0.13
301 silly currentTree │ └── async@1.5.2
301 silly currentTree ├── postgres-array@1.0.2
301 silly currentTree ├── postgres-bytea@1.0.0
301 silly currentTree ├── postgres-date@1.0.3
301 silly currentTree ├── postgres-interval@1.0.2
301 silly currentTree ├── preserve@0.2.0
301 silly currentTree ├── process-nextick-args@1.0.7
301 silly currentTree ├── process@0.11.9
301 silly currentTree ├── proxy-addr@1.1.3
301 silly currentTree ├── prr@0.0.0
301 silly currentTree ├── public-encrypt@4.0.0
301 silly currentTree ├── punycode@1.4.1
301 silly currentTree ├── qs@6.2.0
301 silly currentTree ├── querystring-es3@0.2.1
301 silly currentTree ├── querystring@0.2.0
301 silly currentTree ├── querystringify@0.0.4
301 silly currentTree ├── randomatic@1.1.6
301 silly currentTree ├── randombytes@2.0.3
301 silly currentTree ├── range-parser@1.2.0
301 silly currentTree ├── read-pkg-up@1.0.1
301 silly currentTree ├── read-pkg@1.1.0
301 silly currentTree ├── readable-stream@2.2.2
301 silly currentTree ├── readdirp@2.1.0
301 silly currentTree ├── regex-cache@0.4.3
301 silly currentTree ├── repeat-element@1.1.2
301 silly currentTree ├── repeat-string@1.6.1
301 silly currentTree ├── require-directory@2.1.1
301 silly currentTree ├── require-main-filename@1.0.1
301 silly currentTree ├── requires-port@1.0.0
301 silly currentTree ├── right-align@0.1.3
301 silly currentTree ├── ripemd160@1.0.1
301 silly currentTree ├── select-hose@2.0.0
301 silly currentTree ├── semver@4.3.2
301 silly currentTree ├─┬ send@0.14.2
301 silly currentTree │ └── ms@0.7.2
301 silly currentTree ├── serve-index@1.8.0
301 silly currentTree ├── serve-static@1.11.2
301 silly currentTree ├── set-blocking@2.0.0
301 silly currentTree ├── set-immediate-shim@1.0.1
301 silly currentTree ├── setimmediate@1.0.5
301 silly currentTree ├── setprototypeof@1.0.2
301 silly currentTree ├── sha.js@2.4.8
301 silly currentTree ├─┬ sockjs-client@1.1.1
301 silly currentTree │ └── faye-websocket@0.11.1
301 silly currentTree ├── sockjs@0.3.18
301 silly currentTree ├── source-list-map@0.1.8
301 silly currentTree ├─┬ source-map-loader@0.1.6
301 silly currentTree │ └── source-map@0.1.43
301 silly currentTree ├── source-map-support@0.4.11
301 silly currentTree ├── source-map@0.5.6
301 silly currentTree ├── spdx-correct@1.0.2
301 silly currentTree ├── spdx-expression-parse@1.0.4
301 silly currentTree ├── spdx-license-ids@1.2.2
301 silly currentTree ├── spdy-transport@2.0.18
301 silly currentTree ├── spdy@3.4.4
301 silly currentTree ├── split@1.0.0
301 silly currentTree ├── statuses@1.3.1
301 silly currentTree ├── stream-browserify@2.0.1
301 silly currentTree ├── stream-http@2.6.3
301 silly currentTree ├── string_decoder@0.10.31
301 silly currentTree ├── string-width@1.0.2
301 silly currentTree ├── strip-ansi@3.0.1
301 silly currentTree ├── strip-bom@2.0.0
301 silly currentTree ├── supports-color@3.2.3
301 silly currentTree ├── tapable@0.2.6
301 silly currentTree ├── through@2.3.8
301 silly currentTree ├── timers-browserify@2.0.2
301 silly currentTree ├── to-arraybuffer@1.0.1
301 silly currentTree ├── tty-browserify@0.0.0
301 silly currentTree ├── type-is@1.6.14
301 silly currentTree ├── typescript@2.2.0
301 silly currentTree ├─┬ uglify-js@2.7.5
301 silly currentTree │ ├── async@0.2.10
301 silly currentTree │ └── yargs@3.10.0
301 silly currentTree ├── uglify-to-browserify@1.0.2
301 silly currentTree ├── unpipe@1.0.0
301 silly currentTree ├── url-parse@1.1.7
301 silly currentTree ├─┬ url@0.11.0
301 silly currentTree │ └── punycode@1.3.2
301 silly currentTree ├── util-deprecate@1.0.2
301 silly currentTree ├─┬ util@0.10.3
301 silly currentTree │ └── inherits@2.0.1
301 silly currentTree ├── utils-merge@1.0.0
301 silly currentTree ├── uuid@2.0.3
301 silly currentTree ├── validate-npm-package-license@3.0.1
301 silly currentTree ├── vary@1.1.0
301 silly currentTree ├── vm-browserify@0.0.4
301 silly currentTree ├─┬ watchpack@1.2.1
301 silly currentTree │ └── async@2.1.4
301 silly currentTree ├── wbuf@1.7.2
301 silly currentTree ├── webpack-dev-middleware@1.10.0
301 silly currentTree ├── webpack-dev-server@2.3.0
301 silly currentTree ├── webpack-sources@0.1.4
301 silly currentTree ├─┬ webpack@2.2.1
301 silly currentTree │ └── async@2.1.4
301 silly currentTree ├── websocket-driver@0.6.5
301 silly currentTree ├── websocket-extensions@0.1.1
301 silly currentTree ├── which-module@1.0.0
301 silly currentTree ├── window-size@0.1.0
301 silly currentTree ├── wordwrap@0.0.2
301 silly currentTree ├── wrap-ansi@2.1.0
301 silly currentTree ├── xtend@4.0.1
301 silly currentTree ├── y18n@3.2.1
301 silly currentTree ├─┬ yargs-parser@4.2.1
301 silly currentTree │ └── camelcase@3.0.0
301 silly currentTree └─┬ yargs@6.6.0
301 silly currentTree   ├── camelcase@3.0.0
301 silly currentTree   └── cliui@3.2.0
302 silly idealTree zf2modelgenerator@1.0.0
302 silly idealTree ├── @types/node@7.0.5
302 silly idealTree ├── @types/pg-types@1.11.1
302 silly idealTree ├── @types/pg@6.1.36
302 silly idealTree ├── accepts@1.3.3
302 silly idealTree ├── acorn-dynamic-import@2.0.1
302 silly idealTree ├── acorn@4.0.11
302 silly idealTree ├── ajv-keywords@1.5.1
302 silly idealTree ├── ajv@4.11.3
302 silly idealTree ├── align-text@0.1.4
302 silly idealTree ├── amdefine@1.0.1
302 silly idealTree ├── ansi-html@0.0.7
302 silly idealTree ├── ansi-regex@2.1.1
302 silly idealTree ├── anymatch@1.3.0
302 silly idealTree ├── ap@0.2.0
302 silly idealTree ├── arr-diff@2.0.0
302 silly idealTree ├── arr-flatten@1.0.1
302 silly idealTree ├── array-flatten@1.1.1
302 silly idealTree ├── array-unique@0.2.1
302 silly idealTree ├── arrify@1.0.1
302 silly idealTree ├── asn1.js@4.9.1
302 silly idealTree ├── assert@1.4.1
302 silly idealTree ├── async-each@1.0.1
302 silly idealTree ├── async@0.9.2
302 silly idealTree ├── awesome-typescript-loader@3.0.4
302 silly idealTree ├── balanced-match@0.4.2
302 silly idealTree ├── base64-js@1.2.0
302 silly idealTree ├── batch@0.5.3
302 silly idealTree ├── big.js@3.1.3
302 silly idealTree ├── binary-extensions@1.8.0
302 silly idealTree ├── bindings@1.2.1
302 silly idealTree ├── bn.js@4.11.6
302 silly idealTree ├── brace-expansion@1.1.6
302 silly idealTree ├── braces@1.8.5
302 silly idealTree ├── brorand@1.0.7
302 silly idealTree ├── browserify-aes@1.0.6
302 silly idealTree ├── browserify-cipher@1.0.0
302 silly idealTree ├── browserify-des@1.0.0
302 silly idealTree ├── browserify-rsa@4.0.1
302 silly idealTree ├── browserify-sign@4.0.0
302 silly idealTree ├── browserify-zlib@0.1.4
302 silly idealTree ├── buffer-shims@1.0.0
302 silly idealTree ├── buffer-writer@1.0.1
302 silly idealTree ├── buffer-xor@1.0.3
302 silly idealTree ├── buffer@4.9.1
302 silly idealTree ├── builtin-modules@1.1.1
302 silly idealTree ├── builtin-status-codes@3.0.0
302 silly idealTree ├── bytes@2.3.0
302 silly idealTree ├── camelcase@1.2.1
302 silly idealTree ├── center-align@0.1.3
302 silly idealTree ├── chokidar@1.6.1
302 silly idealTree ├── cipher-base@1.0.3
302 silly idealTree ├── cliui@2.1.0
302 silly idealTree ├── co@4.6.0
302 silly idealTree ├── code-point-at@1.1.0
302 silly idealTree ├── colors@1.1.2
302 silly idealTree ├── commander@2.9.0
302 silly idealTree ├── compressible@2.0.9
302 silly idealTree ├── compression@1.6.2
302 silly idealTree ├── concat-map@0.0.1
302 silly idealTree ├── connect-history-api-fallback@1.3.0
302 silly idealTree ├── console-browserify@1.1.0
302 silly idealTree ├── constants-browserify@1.0.0
302 silly idealTree ├── content-disposition@0.5.2
302 silly idealTree ├── content-type@1.0.2
302 silly idealTree ├── cookie-signature@1.0.6
302 silly idealTree ├── cookie@0.3.1
302 silly idealTree ├── core-util-is@1.0.2
302 silly idealTree ├── create-ecdh@4.0.0
302 silly idealTree ├── create-hash@1.1.2
302 silly idealTree ├── create-hmac@1.1.4
302 silly idealTree ├── crypto-browserify@3.11.0
302 silly idealTree ├── date-now@0.1.4
302 silly idealTree ├── debug@2.2.0
302 silly idealTree ├── decamelize@1.2.0
302 silly idealTree ├── depd@1.1.0
302 silly idealTree ├── des.js@1.0.0
302 silly idealTree ├── destroy@1.0.4
302 silly idealTree ├── diffie-hellman@5.0.2
302 silly idealTree ├── domain-browser@1.1.7
302 silly idealTree ├── ee-first@1.1.1
302 silly idealTree ├── elliptic@6.3.3
302 silly idealTree ├── emojis-list@2.1.0
302 silly idealTree ├── encodeurl@1.0.1
302 silly idealTree ├── enhanced-resolve@3.1.0
302 silly idealTree ├── errno@0.1.4
302 silly idealTree ├── error-ex@1.3.0
302 silly idealTree ├── escape-html@1.0.3
302 silly idealTree ├── etag@1.7.0
302 silly idealTree ├── eventemitter3@1.2.0
302 silly idealTree ├── events@1.1.1
302 silly idealTree ├── eventsource@0.1.6
302 silly idealTree ├── evp_bytestokey@1.0.0
302 silly idealTree ├── expand-brackets@0.1.5
302 silly idealTree ├── expand-range@1.8.2
302 silly idealTree ├── express@4.14.1
302 silly idealTree ├── extglob@0.3.2
302 silly idealTree ├── faye-websocket@0.10.0
302 silly idealTree ├── filename-regex@2.0.0
302 silly idealTree ├── fill-range@2.2.3
302 silly idealTree ├── finalhandler@0.5.1
302 silly idealTree ├── find-up@1.1.2
302 silly idealTree ├── for-in@0.1.6
302 silly idealTree ├── for-own@0.1.4
302 silly idealTree ├── forwarded@0.1.0
302 silly idealTree ├── fresh@0.3.0
302 silly idealTree ├── fs@0.0.1-security
302 silly idealTree ├── generic-pool@2.4.2
302 silly idealTree ├── get-caller-file@1.0.2
302 silly idealTree ├── glob-base@0.3.0
302 silly idealTree ├── glob-parent@2.0.0
302 silly idealTree ├── graceful-fs@4.1.11
302 silly idealTree ├── graceful-readlink@1.0.1
302 silly idealTree ├── handle-thing@1.2.5
302 silly idealTree ├── has-flag@1.0.0
302 silly idealTree ├── hash.js@1.0.3
302 silly idealTree ├── hosted-git-info@2.2.0
302 silly idealTree ├── hpack.js@2.1.6
302 silly idealTree ├── html-entities@1.2.0
302 silly idealTree ├── http-deceiver@1.2.7
302 silly idealTree ├── http-errors@1.5.1
302 silly idealTree ├─┬ http-proxy-middleware@0.17.3
302 silly idealTree │ ├── is-extglob@2.1.1
302 silly idealTree │ └── is-glob@3.1.0
302 silly idealTree ├── http-proxy@1.16.2
302 silly idealTree ├── https-browserify@0.0.1
302 silly idealTree ├── ieee754@1.1.8
302 silly idealTree ├── indexof@0.0.1
302 silly idealTree ├── inherits@2.0.3
302 silly idealTree ├── interpret@1.0.1
302 silly idealTree ├── invert-kv@1.0.0
302 silly idealTree ├── ipaddr.js@1.2.0
302 silly idealTree ├── is-arrayish@0.2.1
302 silly idealTree ├── is-binary-path@1.0.1
302 silly idealTree ├── is-buffer@1.1.4
302 silly idealTree ├── is-builtin-module@1.0.0
302 silly idealTree ├── is-dotfile@1.0.2
302 silly idealTree ├── is-equal-shallow@0.1.3
302 silly idealTree ├── is-extendable@0.1.1
302 silly idealTree ├── is-extglob@1.0.0
302 silly idealTree ├── is-fullwidth-code-point@1.0.0
302 silly idealTree ├── is-glob@2.0.1
302 silly idealTree ├── is-number@2.1.0
302 silly idealTree ├── is-posix-bracket@0.1.1
302 silly idealTree ├── is-primitive@2.0.0
302 silly idealTree ├── is-utf8@0.2.1
302 silly idealTree ├── isarray@1.0.0
302 silly idealTree ├── isobject@2.1.0
302 silly idealTree ├── json-loader@0.5.4
302 silly idealTree ├── json-stable-stringify@1.0.1
302 silly idealTree ├── json3@3.3.2
302 silly idealTree ├── json5@0.5.1
302 silly idealTree ├── jsonify@0.0.0
302 silly idealTree ├── kind-of@3.1.0
302 silly idealTree ├── lazy-cache@1.0.4
302 silly idealTree ├── lcid@1.0.0
302 silly idealTree ├── libpq@1.8.5
302 silly idealTree ├── load-json-file@1.1.0
302 silly idealTree ├── loader-runner@2.3.0
302 silly idealTree ├── loader-utils@0.2.16
302 silly idealTree ├── lodash@4.17.4
302 silly idealTree ├── longest@1.0.1
302 silly idealTree ├── media-typer@0.3.0
302 silly idealTree ├── memory-fs@0.4.1
302 silly idealTree ├── merge-descriptors@1.0.1
302 silly idealTree ├── methods@1.1.2
302 silly idealTree ├── micromatch@2.3.11
302 silly idealTree ├── miller-rabin@4.0.0
302 silly idealTree ├── mime-db@1.26.0
302 silly idealTree ├── mime-types@2.1.14
302 silly idealTree ├── mime@1.3.4
302 silly idealTree ├── minimalistic-assert@1.0.0
302 silly idealTree ├── minimatch@3.0.3
302 silly idealTree ├── minimist@0.0.8
302 silly idealTree ├── mkdirp@0.5.1
302 silly idealTree ├── moment@2.17.1
302 silly idealTree ├── ms@0.7.1
302 silly idealTree ├── nan@2.5.1
302 silly idealTree ├── negotiator@0.6.1
302 silly idealTree ├── node-libs-browser@2.0.0
302 silly idealTree ├── normalize-package-data@2.3.5
302 silly idealTree ├── normalize-path@2.0.1
302 silly idealTree ├── number-is-nan@1.0.1
302 silly idealTree ├── object-assign@4.1.1
302 silly idealTree ├── object.omit@2.0.1
302 silly idealTree ├── obuf@1.1.1
302 silly idealTree ├── on-finished@2.3.0
302 silly idealTree ├── on-headers@1.0.1
302 silly idealTree ├── opn@4.0.2
302 silly idealTree ├─┬ original@1.0.0
302 silly idealTree │ └── url-parse@1.0.5
302 silly idealTree ├── os-browserify@0.2.1
302 silly idealTree ├── os-locale@1.4.0
302 silly idealTree ├── packet-reader@0.2.0
302 silly idealTree ├── pako@0.2.9
302 silly idealTree ├── parse-asn1@5.0.0
302 silly idealTree ├── parse-glob@3.0.4
302 silly idealTree ├── parse-json@2.2.0
302 silly idealTree ├── parseurl@1.3.1
302 silly idealTree ├── path-browserify@0.0.0
302 silly idealTree ├── path-exists@2.1.0
302 silly idealTree ├── path-is-absolute@1.0.1
302 silly idealTree ├── path-to-regexp@0.1.7
302 silly idealTree ├── path-type@1.1.0
302 silly idealTree ├── pbkdf2@3.0.9
302 silly idealTree ├── pg-connection-string@0.1.3
302 silly idealTree ├─┬ pg-native@1.10.0
302 silly idealTree │ ├── isarray@0.0.1
302 silly idealTree │ ├── pg-types@1.6.0
302 silly idealTree │ └── readable-stream@1.0.31
302 silly idealTree ├─┬ pg-pool@1.6.0
302 silly idealTree │ └── object-assign@4.1.0
302 silly idealTree ├── pg-types@1.11.0
302 silly idealTree ├── pg@6.1.2
302 silly idealTree ├── pgpass@1.0.1
302 silly idealTree ├── pify@2.3.0
302 silly idealTree ├── pinkie-promise@2.0.1
302 silly idealTree ├── pinkie@2.0.4
302 silly idealTree ├─┬ portfinder@1.0.13
302 silly idealTree │ └── async@1.5.2
302 silly idealTree ├── postgres-array@1.0.2
302 silly idealTree ├── postgres-bytea@1.0.0
302 silly idealTree ├── postgres-date@1.0.3
302 silly idealTree ├── postgres-interval@1.0.2
302 silly idealTree ├── preserve@0.2.0
302 silly idealTree ├── process-nextick-args@1.0.7
302 silly idealTree ├── process@0.11.9
302 silly idealTree ├── proxy-addr@1.1.3
302 silly idealTree ├── prr@0.0.0
302 silly idealTree ├── public-encrypt@4.0.0
302 silly idealTree ├── punycode@1.4.1
302 silly idealTree ├── qs@6.2.0
302 silly idealTree ├── querystring-es3@0.2.1
302 silly idealTree ├── querystring@0.2.0
302 silly idealTree ├── querystringify@0.0.4
302 silly idealTree ├── randomatic@1.1.6
302 silly idealTree ├── randombytes@2.0.3
302 silly idealTree ├── range-parser@1.2.0
302 silly idealTree ├── read-pkg-up@1.0.1
302 silly idealTree ├── read-pkg@1.1.0
302 silly idealTree ├── readable-stream@2.2.2
302 silly idealTree ├── readdirp@2.1.0
302 silly idealTree ├── regex-cache@0.4.3
302 silly idealTree ├── repeat-element@1.1.2
302 silly idealTree ├── repeat-string@1.6.1
302 silly idealTree ├── require-directory@2.1.1
302 silly idealTree ├── require-main-filename@1.0.1
302 silly idealTree ├── requires-port@1.0.0
302 silly idealTree ├── right-align@0.1.3
302 silly idealTree ├── ripemd160@1.0.1
302 silly idealTree ├── select-hose@2.0.0
302 silly idealTree ├── semver@4.3.2
302 silly idealTree ├─┬ send@0.14.2
302 silly idealTree │ └── ms@0.7.2
302 silly idealTree ├── serve-index@1.8.0
302 silly idealTree ├── serve-static@1.11.2
302 silly idealTree ├── set-blocking@2.0.0
302 silly idealTree ├── set-immediate-shim@1.0.1
302 silly idealTree ├── setimmediate@1.0.5
302 silly idealTree ├── setprototypeof@1.0.2
302 silly idealTree ├── sha.js@2.4.8
302 silly idealTree ├─┬ sockjs-client@1.1.1
302 silly idealTree │ └── faye-websocket@0.11.1
302 silly idealTree ├── sockjs@0.3.18
302 silly idealTree ├── source-list-map@0.1.8
302 silly idealTree ├─┬ source-map-loader@0.1.6
302 silly idealTree │ └── source-map@0.1.43
302 silly idealTree ├── source-map-support@0.4.11
302 silly idealTree ├── source-map@0.5.6
302 silly idealTree ├── spdx-correct@1.0.2
302 silly idealTree ├── spdx-expression-parse@1.0.4
302 silly idealTree ├── spdx-license-ids@1.2.2
302 silly idealTree ├── spdy-transport@2.0.18
302 silly idealTree ├── spdy@3.4.4
302 silly idealTree ├── split@1.0.0
302 silly idealTree ├── statuses@1.3.1
302 silly idealTree ├── stream-browserify@2.0.1
302 silly idealTree ├── stream-http@2.6.3
302 silly idealTree ├── string_decoder@0.10.31
302 silly idealTree ├── string-width@1.0.2
302 silly idealTree ├── strip-ansi@3.0.1
302 silly idealTree ├── strip-bom@2.0.0
302 silly idealTree ├── supports-color@3.2.3
302 silly idealTree ├── tapable@0.2.6
302 silly idealTree ├── through@2.3.8
302 silly idealTree ├── timers-browserify@2.0.2
302 silly idealTree ├── to-arraybuffer@1.0.1
302 silly idealTree ├── tty-browserify@0.0.0
302 silly idealTree ├── type-is@1.6.14
302 silly idealTree ├── typescript@2.2.0
302 silly idealTree ├─┬ uglify-js@2.7.5
302 silly idealTree │ ├── async@0.2.10
302 silly idealTree │ └── yargs@3.10.0
302 silly idealTree ├── uglify-to-browserify@1.0.2
302 silly idealTree ├── unpipe@1.0.0
302 silly idealTree ├── url-parse@1.1.7
302 silly idealTree ├─┬ url@0.11.0
302 silly idealTree │ └── punycode@1.3.2
302 silly idealTree ├── util-deprecate@1.0.2
302 silly idealTree ├─┬ util@0.10.3
302 silly idealTree │ └── inherits@2.0.1
302 silly idealTree ├── utils-merge@1.0.0
302 silly idealTree ├── uuid@2.0.3
302 silly idealTree ├── validate-npm-package-license@3.0.1
302 silly idealTree ├── vary@1.1.0
302 silly idealTree ├── vm-browserify@0.0.4
302 silly idealTree ├─┬ watchpack@1.2.1
302 silly idealTree │ └── async@2.1.4
302 silly idealTree ├── wbuf@1.7.2
302 silly idealTree ├── webpack-dev-middleware@1.10.0
302 silly idealTree ├── webpack-dev-server@2.3.0
302 silly idealTree ├── webpack-sources@0.1.4
302 silly idealTree ├─┬ webpack@2.2.1
302 silly idealTree │ └── async@2.1.4
302 silly idealTree ├── websocket-driver@0.6.5
302 silly idealTree ├── websocket-extensions@0.1.1
302 silly idealTree ├── which-module@1.0.0
302 silly idealTree ├── window-size@0.1.0
302 silly idealTree ├── wordwrap@0.0.2
302 silly idealTree ├── wrap-ansi@2.1.0
302 silly idealTree ├── xtend@4.0.1
302 silly idealTree ├── y18n@3.2.1
302 silly idealTree ├─┬ yargs-parser@4.2.1
302 silly idealTree │ └── camelcase@3.0.0
302 silly idealTree └─┬ yargs@6.6.0
302 silly idealTree   ├── camelcase@3.0.0
302 silly idealTree   └── cliui@3.2.0
303 silly generateActionsToTake Starting
304 silly install generateActionsToTake
305 silly generateActionsToTake Finishing
306 silly diffTrees action count 7
307 silly diffTrees add bindings@1.2.1
308 silly diffTrees add nan@2.5.1
309 silly diffTrees add isarray@0.0.1
310 silly diffTrees add libpq@1.8.5
311 silly diffTrees add pg-types@1.6.0
312 silly diffTrees add readable-stream@1.0.31
313 silly diffTrees add pg-native@1.10.0
314 silly decomposeActions action count 56
315 silly decomposeActions fetch bindings@1.2.1
316 silly decomposeActions extract bindings@1.2.1
317 silly decomposeActions test bindings@1.2.1
318 silly decomposeActions preinstall bindings@1.2.1
319 silly decomposeActions build bindings@1.2.1
320 silly decomposeActions install bindings@1.2.1
321 silly decomposeActions postinstall bindings@1.2.1
322 silly decomposeActions finalize bindings@1.2.1
323 silly decomposeActions fetch nan@2.5.1
324 silly decomposeActions extract nan@2.5.1
325 silly decomposeActions test nan@2.5.1
326 silly decomposeActions preinstall nan@2.5.1
327 silly decomposeActions build nan@2.5.1
328 silly decomposeActions install nan@2.5.1
329 silly decomposeActions postinstall nan@2.5.1
330 silly decomposeActions finalize nan@2.5.1
331 silly decomposeActions fetch isarray@0.0.1
332 silly decomposeActions extract isarray@0.0.1
333 silly decomposeActions test isarray@0.0.1
334 silly decomposeActions preinstall isarray@0.0.1
335 silly decomposeActions build isarray@0.0.1
336 silly decomposeActions install isarray@0.0.1
337 silly decomposeActions postinstall isarray@0.0.1
338 silly decomposeActions finalize isarray@0.0.1
339 silly decomposeActions fetch libpq@1.8.5
340 silly decomposeActions extract libpq@1.8.5
341 silly decomposeActions test libpq@1.8.5
342 silly decomposeActions preinstall libpq@1.8.5
343 silly decomposeActions build libpq@1.8.5
344 silly decomposeActions install libpq@1.8.5
345 silly decomposeActions postinstall libpq@1.8.5
346 silly decomposeActions finalize libpq@1.8.5
347 silly decomposeActions fetch pg-types@1.6.0
348 silly decomposeActions extract pg-types@1.6.0
349 silly decomposeActions test pg-types@1.6.0
350 silly decomposeActions preinstall pg-types@1.6.0
351 silly decomposeActions build pg-types@1.6.0
352 silly decomposeActions install pg-types@1.6.0
353 silly decomposeActions postinstall pg-types@1.6.0
354 silly decomposeActions finalize pg-types@1.6.0
355 silly decomposeActions fetch readable-stream@1.0.31
356 silly decomposeActions extract readable-stream@1.0.31
357 silly decomposeActions test readable-stream@1.0.31
358 silly decomposeActions preinstall readable-stream@1.0.31
359 silly decomposeActions build readable-stream@1.0.31
360 silly decomposeActions install readable-stream@1.0.31
361 silly decomposeActions postinstall readable-stream@1.0.31
362 silly decomposeActions finalize readable-stream@1.0.31
363 silly decomposeActions fetch pg-native@1.10.0
364 silly decomposeActions extract pg-native@1.10.0
365 silly decomposeActions test pg-native@1.10.0
366 silly decomposeActions preinstall pg-native@1.10.0
367 silly decomposeActions build pg-native@1.10.0
368 silly decomposeActions install pg-native@1.10.0
369 silly decomposeActions postinstall pg-native@1.10.0
370 silly decomposeActions finalize pg-native@1.10.0
371 silly runTopLevelLifecycles Starting
372 silly executeActions Starting
373 silly install executeActions
374 silly doSerial global-install 0
375 silly doParallel fetch 7
376 verbose correctMkdir /home/neil/.npm/_locks correctMkdir not in flight; initializing
377 verbose lock using /home/neil/.npm/_locks/staging-bfbe2b3182c9d397.lock for /home/neil/DevGit/zf2dbmodelgen/modgen/node_modules/.staging
378 silly doParallel extract 7
379 silly extract bindings@1.2.1
380 silly extract nan@2.5.1
381 silly extract isarray@0.0.1
382 silly extract libpq@1.8.5
383 silly extract pg-types@1.6.0
384 silly extract readable-stream@1.0.31
385 silly extract pg-native@1.10.0
386 verbose unbuild node_modules/.staging/nan-3f8226ec
387 verbose unbuild node_modules/.staging/isarray-0b14ce64
388 verbose unbuild node_modules/.staging/pg-types-a31ebf8f
389 verbose unbuild node_modules/.staging/libpq-4963842e
390 verbose unbuild node_modules/.staging/readable-stream-b59f7eb2
391 verbose unbuild node_modules/.staging/bindings-4a1c2dd3
392 silly gentlyRm /home/neil/DevGit/zf2dbmodelgen/modgen/node_modules/.staging/nan-3f8226ec is being purged from base /home/neil/DevGit/zf2dbmodelgen/modgen
393 verbose gentlyRm don't care about contents; nuking /home/neil/DevGit/zf2dbmodelgen/modgen/node_modules/.staging/nan-3f8226ec
394 silly gentlyRm /home/neil/DevGit/zf2dbmodelgen/modgen/node_modules/.staging/isarray-0b14ce64 is being purged from base /home/neil/DevGit/zf2dbmodelgen/modgen
395 verbose gentlyRm don't care about contents; nuking /home/neil/DevGit/zf2dbmodelgen/modgen/node_modules/.staging/isarray-0b14ce64
396 silly gentlyRm /home/neil/DevGit/zf2dbmodelgen/modgen/node_modules/.staging/pg-types-a31ebf8f is being purged from base /home/neil/DevGit/zf2dbmodelgen/modgen
397 verbose gentlyRm don't care about contents; nuking /home/neil/DevGit/zf2dbmodelgen/modgen/node_modules/.staging/pg-types-a31ebf8f
398 silly gentlyRm /home/neil/DevGit/zf2dbmodelgen/modgen/node_modules/.staging/libpq-4963842e is being purged from base /home/neil/DevGit/zf2dbmodelgen/modgen
399 verbose gentlyRm don't care about contents; nuking /home/neil/DevGit/zf2dbmodelgen/modgen/node_modules/.staging/libpq-4963842e
400 silly gentlyRm /home/neil/DevGit/zf2dbmodelgen/modgen/node_modules/.staging/readable-stream-b59f7eb2 is being purged from base /home/neil/DevGit/zf2dbmodelgen/modgen
401 verbose gentlyRm don't care about contents; nuking /home/neil/DevGit/zf2dbmodelgen/modgen/node_modules/.staging/readable-stream-b59f7eb2
402 verbose unbuild node_modules/.staging/pg-native-e33d0bff
403 verbose tar unpack /home/neil/.npm/nan/2.5.1/package.tgz
404 verbose tar unpacking to /home/neil/DevGit/zf2dbmodelgen/modgen/node_modules/.staging/nan-3f8226ec
405 silly gentlyRm /home/neil/DevGit/zf2dbmodelgen/modgen/node_modules/.staging/nan-3f8226ec is being purged
406 verbose gentlyRm don't care about contents; nuking /home/neil/DevGit/zf2dbmodelgen/modgen/node_modules/.staging/nan-3f8226ec
407 verbose tar unpack /home/neil/.npm/isarray/0.0.1/package.tgz
408 verbose tar unpacking to /home/neil/DevGit/zf2dbmodelgen/modgen/node_modules/.staging/isarray-0b14ce64
409 silly gentlyRm /home/neil/DevGit/zf2dbmodelgen/modgen/node_modules/.staging/isarray-0b14ce64 is being purged
410 verbose gentlyRm don't care about contents; nuking /home/neil/DevGit/zf2dbmodelgen/modgen/node_modules/.staging/isarray-0b14ce64
411 verbose tar unpack /home/neil/.npm/pg-types/1.6.0/package.tgz
412 verbose tar unpacking to /home/neil/DevGit/zf2dbmodelgen/modgen/node_modules/.staging/pg-types-a31ebf8f
413 silly gentlyRm /home/neil/DevGit/zf2dbmodelgen/modgen/node_modules/.staging/pg-types-a31ebf8f is being purged
414 verbose gentlyRm don't care about contents; nuking /home/neil/DevGit/zf2dbmodelgen/modgen/node_modules/.staging/pg-types-a31ebf8f
415 verbose tar unpack /home/neil/.npm/libpq/1.8.5/package.tgz
416 verbose tar unpacking to /home/neil/DevGit/zf2dbmodelgen/modgen/node_modules/.staging/libpq-4963842e
417 silly gentlyRm /home/neil/DevGit/zf2dbmodelgen/modgen/node_modules/.staging/libpq-4963842e is being purged
418 verbose gentlyRm don't care about contents; nuking /home/neil/DevGit/zf2dbmodelgen/modgen/node_modules/.staging/libpq-4963842e
419 verbose tar unpack /home/neil/.npm/readable-stream/1.0.31/package.tgz
420 verbose tar unpacking to /home/neil/DevGit/zf2dbmodelgen/modgen/node_modules/.staging/readable-stream-b59f7eb2
421 silly gentlyRm /home/neil/DevGit/zf2dbmodelgen/modgen/node_modules/.staging/readable-stream-b59f7eb2 is being purged
422 verbose gentlyRm don't care about contents; nuking /home/neil/DevGit/zf2dbmodelgen/modgen/node_modules/.staging/readable-stream-b59f7eb2
423 silly gentlyRm /home/neil/DevGit/zf2dbmodelgen/modgen/node_modules/.staging/bindings-4a1c2dd3 is being purged from base /home/neil/DevGit/zf2dbmodelgen/modgen
424 verbose gentlyRm don't care about contents; nuking /home/neil/DevGit/zf2dbmodelgen/modgen/node_modules/.staging/bindings-4a1c2dd3
425 silly gunzTarPerm modes [ '775', '664' ]
426 silly gunzTarPerm modes [ '775', '664' ]
427 silly gunzTarPerm modes [ '775', '664' ]
428 silly gunzTarPerm modes [ '775', '664' ]
429 silly gunzTarPerm modes [ '775', '664' ]
430 verbose tar unpack /home/neil/.npm/bindings/1.2.1/package.tgz
431 verbose tar unpacking to /home/neil/DevGit/zf2dbmodelgen/modgen/node_modules/.staging/bindings-4a1c2dd3
432 silly gentlyRm /home/neil/DevGit/zf2dbmodelgen/modgen/node_modules/.staging/bindings-4a1c2dd3 is being purged
433 verbose gentlyRm don't care about contents; nuking /home/neil/DevGit/zf2dbmodelgen/modgen/node_modules/.staging/bindings-4a1c2dd3
434 silly gentlyRm /home/neil/DevGit/zf2dbmodelgen/modgen/node_modules/.staging/pg-native-e33d0bff is being purged from base /home/neil/DevGit/zf2dbmodelgen/modgen
435 verbose gentlyRm don't care about contents; nuking /home/neil/DevGit/zf2dbmodelgen/modgen/node_modules/.staging/pg-native-e33d0bff
436 silly gunzTarPerm modes [ '775', '664' ]
437 verbose tar unpack /home/neil/.npm/pg-native/1.10.0/package.tgz
438 verbose tar unpacking to /home/neil/DevGit/zf2dbmodelgen/modgen/node_modules/.staging/pg-native-e33d0bff
439 silly gentlyRm /home/neil/DevGit/zf2dbmodelgen/modgen/node_modules/.staging/pg-native-e33d0bff is being purged
440 verbose gentlyRm don't care about contents; nuking /home/neil/DevGit/zf2dbmodelgen/modgen/node_modules/.staging/pg-native-e33d0bff
441 silly gunzTarPerm modes [ '775', '664' ]
442 silly gunzTarPerm extractEntry package.json
443 silly gunzTarPerm extractEntry package.json
444 silly gunzTarPerm modified mode [ 'package.json', 420, 436 ]
445 silly gunzTarPerm extractEntry package.json
446 silly gunzTarPerm extractEntry package.json
447 silly gunzTarPerm modified mode [ 'package.json', 420, 436 ]
448 silly gunzTarPerm extractEntry package.json
449 silly gunzTarPerm modified mode [ 'package.json', 420, 436 ]
450 silly gunzTarPerm extractEntry package.json
451 silly gunzTarPerm modified mode [ 'package.json', 420, 436 ]
452 silly gunzTarPerm extractEntry package.json
453 silly gunzTarPerm modified mode [ 'package.json', 420, 436 ]
454 silly gunzTarPerm extractEntry README.md
455 silly gunzTarPerm extractEntry .npmignore
456 silly gunzTarPerm modified mode [ '.npmignore', 420, 436 ]
457 silly gunzTarPerm extractEntry README.md
458 silly gunzTarPerm modified mode [ 'README.md', 420, 436 ]
459 silly gunzTarPerm extractEntry .npmignore
460 silly gunzTarPerm modified mode [ '.npmignore', 420, 436 ]
461 silly gunzTarPerm extractEntry README.md
462 silly gunzTarPerm extractEntry README.md
463 silly gunzTarPerm modified mode [ 'README.md', 420, 436 ]
464 silly gunzTarPerm extractEntry index.js
465 silly gunzTarPerm modified mode [ 'index.js', 420, 436 ]
466 silly gunzTarPerm extractEntry .npmignore
467 silly gunzTarPerm modified mode [ '.npmignore', 420, 436 ]
468 silly gunzTarPerm extractEntry README.md
469 silly gunzTarPerm modified mode [ 'README.md', 420, 436 ]
470 silly gunzTarPerm extractEntry include_dirs.js
471 silly gunzTarPerm extractEntry README.md
472 silly gunzTarPerm modified mode [ 'README.md', 420, 436 ]
473 silly gunzTarPerm extractEntry bindings.js
474 silly gunzTarPerm modified mode [ 'bindings.js', 420, 436 ]
475 silly gunzTarPerm extractEntry .npmignore
476 silly gunzTarPerm modified mode [ '.npmignore', 420, 436 ]
477 silly gunzTarPerm extractEntry README.md
478 silly gunzTarPerm modified mode [ 'README.md', 420, 436 ]
479 silly gunzTarPerm extractEntry nan_converters.h
480 silly gunzTarPerm extractEntry CHANGELOG.md
481 silly gunzTarPerm extractEntry LICENSE.md
482 silly gunzTarPerm extractEntry index.js
483 silly gunzTarPerm modified mode [ 'index.js', 420, 436 ]
484 silly gunzTarPerm extractEntry .travis.yml
485 silly gunzTarPerm modified mode [ '.travis.yml', 420, 436 ]
486 silly gunzTarPerm extractEntry LICENSE
487 silly gunzTarPerm extractEntry transform.js
488 silly gunzTarPerm modified mode [ 'transform.js', 420, 436 ]
489 silly gunzTarPerm extractEntry build/build.js
490 silly gunzTarPerm modified mode [ 'build/build.js', 420, 436 ]
491 silly gunzTarPerm extractEntry component.json
492 silly gunzTarPerm modified mode [ 'component.json', 420, 436 ]
493 silly gunzTarPerm extractEntry index.js
494 silly gunzTarPerm modified mode [ 'index.js', 420, 436 ]
495 silly gunzTarPerm extractEntry doc/node_misc.md
496 silly gunzTarPerm extractEntry index.js
497 silly gunzTarPerm modified mode [ 'index.js', 420, 436 ]
498 silly gunzTarPerm extractEntry bench/index.js
499 silly gunzTarPerm modified mode [ 'bench/index.js', 420, 436 ]
500 silly gunzTarPerm extractEntry bench/leaks.js
501 silly gunzTarPerm modified mode [ 'bench/leaks.js', 420, 436 ]
502 silly gunzTarPerm extractEntry .travis.yml
503 silly gunzTarPerm modified mode [ '.travis.yml', 420, 436 ]
504 silly gunzTarPerm extractEntry Makefile
505 silly gunzTarPerm modified mode [ 'Makefile', 420, 436 ]
506 silly gunzTarPerm extractEntry lib/copy-stream.js
507 silly gunzTarPerm modified mode [ 'lib/copy-stream.js', 420, 436 ]
508 silly gunzTarPerm extractEntry test/array-mode.js
509 silly gunzTarPerm modified mode [ 'test/array-mode.js', 420, 436 ]
510 silly gunzTarPerm extractEntry test/custom-types.js
511 silly gunzTarPerm modified mode [ 'test/custom-types.js', 420, 436 ]
512 silly gunzTarPerm extractEntry test/domains.js
513 silly gunzTarPerm modified mode [ 'test/domains.js', 420, 436 ]
514 silly gunzTarPerm extractEntry test/huge-query.js
515 silly gunzTarPerm modified mode [ 'test/huge-query.js', 420, 436 ]
516 silly gunzTarPerm extractEntry test/copy-to.js
517 silly gunzTarPerm modified mode [ 'test/copy-to.js', 420, 436 ]
518 silly gunzTarPerm extractEntry test/async-workflow.js
519 silly gunzTarPerm modified mode [ 'test/async-workflow.js', 420, 436 ]
520 silly gunzTarPerm extractEntry test/many-connections.js
521 silly gunzTarPerm modified mode [ 'test/many-connections.js', 420, 436 ]
522 silly gunzTarPerm extractEntry test/many-errors.js
523 silly gunzTarPerm modified mode [ 'test/many-errors.js', 420, 436 ]
524 silly gunzTarPerm extractEntry test/query-sync.js
525 silly gunzTarPerm modified mode [ 'test/query-sync.js', 420, 436 ]
526 silly gunzTarPerm extractEntry test/multiple-queries.js
527 silly gunzTarPerm modified mode [ 'test/multiple-queries.js', 420, 436 ]
528 silly gunzTarPerm extractEntry test/copy-from.js
529 silly gunzTarPerm modified mode [ 'test/copy-from.js', 420, 436 ]
530 silly gunzTarPerm extractEntry test/notify.js
531 silly gunzTarPerm modified mode [ 'test/notify.js', 420, 436 ]
532 silly gunzTarPerm extractEntry test/connection.js
533 silly gunzTarPerm modified mode [ 'test/connection.js', 420, 436 ]
534 silly gunzTarPerm extractEntry test/prepare.js
535 silly gunzTarPerm modified mode [ 'test/prepare.js', 420, 436 ]
536 silly gunzTarPerm extractEntry test/cancel.js
537 silly gunzTarPerm modified mode [ 'test/cancel.js', 420, 436 ]
538 silly gunzTarPerm extractEntry test/query-async.js
539 silly gunzTarPerm modified mode [ 'test/query-async.js', 420, 436 ]
540 silly gunzTarPerm extractEntry test/index.js
541 silly gunzTarPerm modified mode [ 'test/index.js', 420, 436 ]
542 silly gunzTarPerm extractEntry test/version.js
543 silly gunzTarPerm modified mode [ 'test/version.js', 420, 436 ]
544 silly gunzTarPerm extractEntry test/load.js
545 silly gunzTarPerm modified mode [ 'test/load.js', 420, 436 ]
546 silly gunzTarPerm extractEntry test/mocha.opts
547 silly gunzTarPerm modified mode [ 'test/mocha.opts', 420, 436 ]
548 silly gunzTarPerm extractEntry Makefile
549 silly gunzTarPerm modified mode [ 'Makefile', 420, 436 ]
550 silly gunzTarPerm extractEntry lib/arrayParser.js
551 silly gunzTarPerm modified mode [ 'lib/arrayParser.js', 420, 436 ]
552 silly gunzTarPerm extractEntry duplex.js
553 silly gunzTarPerm modified mode [ 'duplex.js', 420, 436 ]
554 silly gunzTarPerm extractEntry readable.js
555 silly gunzTarPerm extractEntry binding.gyp
556 silly gunzTarPerm modified mode [ 'binding.gyp', 420, 436 ]
557 silly gunzTarPerm extractEntry .travis.yml
558 silly gunzTarPerm modified mode [ '.travis.yml', 420, 436 ]
559 silly gunzTarPerm extractEntry Makefile
560 silly gunzTarPerm modified mode [ 'Makefile', 420, 436 ]
561 silly gunzTarPerm extractEntry src/addon.cc
562 silly gunzTarPerm modified mode [ 'src/addon.cc', 420, 436 ]
563 silly gunzTarPerm extractEntry doc/asyncworker.md
564 silly gunzTarPerm extractEntry doc/callback.md
565 silly gunzTarPerm extractEntry lib/binaryParsers.js
566 silly gunzTarPerm modified mode [ 'lib/binaryParsers.js', 420, 436 ]
567 silly gunzTarPerm extractEntry lib/textParsers.js
568 silly gunzTarPerm modified mode [ 'lib/textParsers.js', 420, 436 ]
569 silly gunzTarPerm extractEntry test/array.js
570 silly gunzTarPerm modified mode [ 'test/array.js', 420, 436 ]
571 silly gunzTarPerm extractEntry test/assert.js
572 silly gunzTarPerm modified mode [ 'test/assert.js', 420, 436 ]
573 silly gunzTarPerm extractEntry test/dates.js
574 silly gunzTarPerm modified mode [ 'test/dates.js', 420, 436 ]
575 silly gunzTarPerm extractEntry test/index.js
576 silly gunzTarPerm modified mode [ 'test/index.js', 420, 436 ]
577 silly gunzTarPerm extractEntry passthrough.js
578 silly gunzTarPerm modified mode [ 'passthrough.js', 420, 436 ]
579 silly gunzTarPerm extractEntry writable.js
580 silly gunzTarPerm modified mode [ 'writable.js', 420, 436 ]
581 silly gunzTarPerm extractEntry src/addon.h
582 silly gunzTarPerm modified mode [ 'src/addon.h', 420, 436 ]
583 silly gunzTarPerm extractEntry src/connect-async-worker.cc
584 silly gunzTarPerm modified mode [ 'src/connect-async-worker.cc', 420, 436 ]
585 silly gunzTarPerm extractEntry doc/converters.md
586 silly gunzTarPerm extractEntry doc/errors.md
587 silly gunzTarPerm extractEntry lib/_stream_duplex.js
588 silly gunzTarPerm extractEntry lib/_stream_passthrough.js
589 silly gunzTarPerm extractEntry src/connect-async-worker.h
590 silly gunzTarPerm modified mode [ 'src/connect-async-worker.h', 420, 436 ]
591 silly gunzTarPerm extractEntry src/connection.cc
592 silly gunzTarPerm modified mode [ 'src/connection.cc', 420, 436 ]
593 silly gunzTarPerm extractEntry doc/maybe_types.md
594 silly gunzTarPerm extractEntry doc/methods.md
595 silly gunzTarPerm extractEntry doc/new.md
596 silly gentlyRm /home/neil/DevGit/zf2dbmodelgen/modgen/node_modules/.staging/bindings-4a1c2dd3/node_modules is being purged
597 verbose gentlyRm don't care about contents; nuking /home/neil/DevGit/zf2dbmodelgen/modgen/node_modules/.staging/bindings-4a1c2dd3/node_modules
598 silly gunzTarPerm extractEntry lib/_stream_readable.js
599 silly gunzTarPerm extractEntry src/connection.h
600 silly gunzTarPerm modified mode [ 'src/connection.h', 420, 436 ]
601 silly gunzTarPerm extractEntry test/async-connection.js
602 silly gunzTarPerm modified mode [ 'test/async-connection.js', 420, 436 ]
603 silly gunzTarPerm extractEntry doc/buffers.md
604 silly gunzTarPerm extractEntry doc/object_wrappers.md
605 silly gunzTarPerm extractEntry lib/_stream_transform.js
606 silly gunzTarPerm extractEntry lib/_stream_writable.js
607 silly gunzTarPerm extractEntry test/escaping.js
608 silly gunzTarPerm modified mode [ 'test/escaping.js', 420, 436 ]
609 silly gunzTarPerm extractEntry test/helper.js
610 silly gunzTarPerm modified mode [ 'test/helper.js', 420, 436 ]
611 silly gunzTarPerm extractEntry doc/persistent.md
612 silly gunzTarPerm extractEntry doc/scopes.md
613 silly gentlyRm /home/neil/DevGit/zf2dbmodelgen/modgen/node_modules/.staging/isarray-0b14ce64/node_modules is being purged
614 verbose gentlyRm don't care about contents; nuking /home/neil/DevGit/zf2dbmodelgen/modgen/node_modules/.staging/isarray-0b14ce64/node_modules
615 silly gunzTarPerm extractEntry test/index.js
616 silly gunzTarPerm modified mode [ 'test/index.js', 420, 436 ]
617 silly gunzTarPerm extractEntry test/error-info.js
618 silly gunzTarPerm modified mode [ 'test/error-info.js', 420, 436 ]
619 silly gunzTarPerm extractEntry doc/script.md
620 silly gunzTarPerm extractEntry doc/string_bytes.md
621 silly gunzTarPerm extractEntry test/async-socket.js
622 silly gunzTarPerm modified mode [ 'test/async-socket.js', 420, 436 ]
623 silly gunzTarPerm extractEntry test/sync-prepare.js
624 silly gunzTarPerm modified mode [ 'test/sync-prepare.js', 420, 436 ]
625 silly gunzTarPerm extractEntry doc/v8_internals.md
626 silly gunzTarPerm extractEntry doc/v8_misc.md
627 silly gunzTarPerm extractEntry test/multiple-queries.js
628 silly gunzTarPerm modified mode [ 'test/multiple-queries.js', 420, 436 ]
629 silly gunzTarPerm extractEntry test/non-blocking-controls.js
630 silly gunzTarPerm modified mode [ 'test/non-blocking-controls.js', 420, 436 ]
631 silly gunzTarPerm extractEntry nan.h
632 silly gunzTarPerm extractEntry nan_callbacks.h
633 silly gunzTarPerm extractEntry test/notification.js
634 silly gunzTarPerm modified mode [ 'test/notification.js', 420, 436 ]
635 silly gunzTarPerm extractEntry test/error-conditions.js
636 silly gunzTarPerm modified mode [ 'test/error-conditions.js', 420, 436 ]
637 silly gunzTarPerm extractEntry nan_callbacks_12_inl.h
638 silly gunzTarPerm extractEntry nan_callbacks_pre_12_inl.h
639 silly gunzTarPerm extractEntry test/result-accessors.js
640 silly gunzTarPerm modified mode [ 'test/result-accessors.js', 420, 436 ]
641 silly gunzTarPerm extractEntry test/copy-out.js
642 silly gunzTarPerm modified mode [ 'test/copy-out.js', 420, 436 ]
643 silly gunzTarPerm extractEntry test/server-version.js
644 silly gunzTarPerm modified mode [ 'test/server-version.js', 420, 436 ]
645 silly gunzTarPerm extractEntry test/copy-in.js
646 silly gunzTarPerm modified mode [ 'test/copy-in.js', 420, 436 ]
647 silly gunzTarPerm extractEntry nan_converters_43_inl.h
648 silly gunzTarPerm extractEntry nan_converters_pre_43_inl.h
649 silly gunzTarPerm extractEntry nan_implementation_12_inl.h
650 silly gunzTarPerm extractEntry nan_implementation_pre_12_inl.h
651 silly gunzTarPerm extractEntry test/socket.js
652 silly gunzTarPerm modified mode [ 'test/socket.js', 420, 436 ]
653 silly gunzTarPerm extractEntry test/construction.js
654 silly gunzTarPerm modified mode [ 'test/construction.js', 420, 436 ]
655 silly gunzTarPerm extractEntry nan_maybe_43_inl.h
656 silly gunzTarPerm extractEntry nan_maybe_pre_43_inl.h
657 silly gunzTarPerm extractEntry nan_new.h
658 silly gunzTarPerm extractEntry nan_object_wrap.h
659 silly gunzTarPerm extractEntry test/sync-integration.js
660 silly gunzTarPerm modified mode [ 'test/sync-integration.js', 420, 436 ]
661 silly gunzTarPerm extractEntry test/cancel.js
662 silly gunzTarPerm modified mode [ 'test/cancel.js', 420, 436 ]
663 silly gunzTarPerm extractEntry nan_persistent_12_inl.h
664 silly gunzTarPerm extractEntry nan_persistent_pre_12_inl.h
665 silly gunzTarPerm extractEntry test/sync-parameters.js
666 silly gunzTarPerm modified mode [ 'test/sync-parameters.js', 420, 436 ]
667 silly gunzTarPerm extractEntry test/load.js
668 silly gunzTarPerm modified mode [ 'test/load.js', 420, 436 ]
669 silly gentlyRm /home/neil/DevGit/zf2dbmodelgen/modgen/node_modules/.staging/pg-types-a31ebf8f/node_modules is being purged
670 verbose gentlyRm don't care about contents; nuking /home/neil/DevGit/zf2dbmodelgen/modgen/node_modules/.staging/pg-types-a31ebf8f/node_modules
671 silly gunzTarPerm extractEntry nan_private.h
672 silly gunzTarPerm extractEntry nan_string_bytes.h
673 silly gunzTarPerm extractEntry test/sync.js
674 silly gunzTarPerm modified mode [ 'test/sync.js', 420, 436 ]
675 silly gunzTarPerm extractEntry test/many-connections.js
676 silly gunzTarPerm modified mode [ 'test/many-connections.js', 420, 436 ]
677 silly gentlyRm /home/neil/DevGit/zf2dbmodelgen/modgen/node_modules/.staging/readable-stream-b59f7eb2/node_modules is being purged
678 verbose gentlyRm don't care about contents; nuking /home/neil/DevGit/zf2dbmodelgen/modgen/node_modules/.staging/readable-stream-b59f7eb2/node_modules
679 silly gunzTarPerm extractEntry nan_typedarray_contents.h
680 silly gunzTarPerm extractEntry nan_weak.h
681 silly gunzTarPerm extractEntry test/mocha.opts
682 silly gunzTarPerm modified mode [ 'test/mocha.opts', 420, 436 ]
683 silly gunzTarPerm extractEntry tools/package.json
684 silly gunzTarPerm extractEntry tools/README.md
685 silly gunzTarPerm extractEntry tools/1to2.js
686 silly gentlyRm /home/neil/DevGit/zf2dbmodelgen/modgen/node_modules/.staging/pg-native-e33d0bff/node_modules is being purged
687 verbose gentlyRm don't care about contents; nuking /home/neil/DevGit/zf2dbmodelgen/modgen/node_modules/.staging/pg-native-e33d0bff/node_modules
688 silly gentlyRm /home/neil/DevGit/zf2dbmodelgen/modgen/node_modules/.staging/libpq-4963842e/node_modules is being purged
689 verbose gentlyRm don't care about contents; nuking /home/neil/DevGit/zf2dbmodelgen/modgen/node_modules/.staging/libpq-4963842e/node_modules
690 silly gentlyRm /home/neil/DevGit/zf2dbmodelgen/modgen/node_modules/.staging/nan-3f8226ec/node_modules is being purged
691 verbose gentlyRm don't care about contents; nuking /home/neil/DevGit/zf2dbmodelgen/modgen/node_modules/.staging/nan-3f8226ec/node_modules
692 silly doParallel preinstall 7
693 silly preinstall bindings@1.2.1 /home/neil/DevGit/zf2dbmodelgen/modgen/node_modules/.staging/bindings-4a1c2dd3
694 info lifecycle bindings@1.2.1~preinstall: bindings@1.2.1
695 silly preinstall nan@2.5.1 /home/neil/DevGit/zf2dbmodelgen/modgen/node_modules/.staging/nan-3f8226ec
696 info lifecycle nan@2.5.1~preinstall: nan@2.5.1
697 silly preinstall isarray@0.0.1 /home/neil/DevGit/zf2dbmodelgen/modgen/node_modules/.staging/isarray-0b14ce64
698 info lifecycle isarray@0.0.1~preinstall: isarray@0.0.1
699 silly preinstall libpq@1.8.5 /home/neil/DevGit/zf2dbmodelgen/modgen/node_modules/.staging/libpq-4963842e
700 info lifecycle libpq@1.8.5~preinstall: libpq@1.8.5
701 silly preinstall pg-types@1.6.0 /home/neil/DevGit/zf2dbmodelgen/modgen/node_modules/.staging/pg-types-a31ebf8f
702 info lifecycle pg-types@1.6.0~preinstall: pg-types@1.6.0
703 silly preinstall readable-stream@1.0.31 /home/neil/DevGit/zf2dbmodelgen/modgen/node_modules/.staging/readable-stream-b59f7eb2
704 info lifecycle readable-stream@1.0.31~preinstall: readable-stream@1.0.31
705 silly preinstall pg-native@1.10.0 /home/neil/DevGit/zf2dbmodelgen/modgen/node_modules/.staging/pg-native-e33d0bff
706 info lifecycle pg-native@1.10.0~preinstall: pg-native@1.10.0
707 silly lifecycle bindings@1.2.1~preinstall: no script for preinstall, continuing
708 silly lifecycle nan@2.5.1~preinstall: no script for preinstall, continuing
709 silly lifecycle isarray@0.0.1~preinstall: no script for preinstall, continuing
710 silly lifecycle libpq@1.8.5~preinstall: no script for preinstall, continuing
711 silly lifecycle pg-types@1.6.0~preinstall: no script for preinstall, continuing
712 silly lifecycle readable-stream@1.0.31~preinstall: no script for preinstall, continuing
713 silly lifecycle pg-native@1.10.0~preinstall: no script for preinstall, continuing
714 silly doReverseSerial remove 0
715 silly doSerial move 0
716 silly doSerial finalize 7
717 silly finalize /home/neil/DevGit/zf2dbmodelgen/modgen/node_modules/bindings
718 silly finalize /home/neil/DevGit/zf2dbmodelgen/modgen/node_modules/nan
719 silly finalize /home/neil/DevGit/zf2dbmodelgen/modgen/node_modules/pg-native/node_modules/isarray
720 silly finalize /home/neil/DevGit/zf2dbmodelgen/modgen/node_modules/libpq
721 silly finalize /home/neil/DevGit/zf2dbmodelgen/modgen/node_modules/pg-native/node_modules/pg-types
722 silly finalize /home/neil/DevGit/zf2dbmodelgen/modgen/node_modules/pg-native/node_modules/readable-stream
723 silly finalize /home/neil/DevGit/zf2dbmodelgen/modgen/node_modules/pg-native
724 silly doSerial build 7
725 silly build bindings@1.2.1
726 info linkStuff bindings@1.2.1
727 silly linkStuff bindings@1.2.1 has /home/neil/DevGit/zf2dbmodelgen/modgen/node_modules as its parent node_modules
728 verbose linkBins bindings@1.2.1
729 verbose linkMans bindings@1.2.1
730 silly build nan@2.5.1
731 info linkStuff nan@2.5.1
732 silly linkStuff nan@2.5.1 has /home/neil/DevGit/zf2dbmodelgen/modgen/node_modules as its parent node_modules
733 verbose linkBins nan@2.5.1
734 verbose linkMans nan@2.5.1
735 silly build isarray@0.0.1
736 info linkStuff isarray@0.0.1
737 silly linkStuff isarray@0.0.1 has /home/neil/DevGit/zf2dbmodelgen/modgen/node_modules/pg-native/node_modules as its parent node_modules
738 verbose linkBins isarray@0.0.1
739 verbose linkMans isarray@0.0.1
740 silly build libpq@1.8.5
741 info linkStuff libpq@1.8.5
742 silly linkStuff libpq@1.8.5 has /home/neil/DevGit/zf2dbmodelgen/modgen/node_modules as its parent node_modules
743 verbose linkBins libpq@1.8.5
744 verbose linkMans libpq@1.8.5
745 silly build pg-types@1.6.0
746 info linkStuff pg-types@1.6.0
747 silly linkStuff pg-types@1.6.0 has /home/neil/DevGit/zf2dbmodelgen/modgen/node_modules/pg-native/node_modules as its parent node_modules
748 verbose linkBins pg-types@1.6.0
749 verbose linkMans pg-types@1.6.0
750 silly build readable-stream@1.0.31
751 info linkStuff readable-stream@1.0.31
752 silly linkStuff readable-stream@1.0.31 has /home/neil/DevGit/zf2dbmodelgen/modgen/node_modules/pg-native/node_modules as its parent node_modules
753 verbose linkBins readable-stream@1.0.31
754 verbose linkMans readable-stream@1.0.31
755 silly build pg-native@1.10.0
756 info linkStuff pg-native@1.10.0
757 silly linkStuff pg-native@1.10.0 has /home/neil/DevGit/zf2dbmodelgen/modgen/node_modules as its parent node_modules
758 verbose linkBins pg-native@1.10.0
759 verbose linkMans pg-native@1.10.0
760 silly doSerial global-link 0
761 silly doParallel update-linked 0
762 silly doSerial install 7
763 silly install bindings@1.2.1 /home/neil/DevGit/zf2dbmodelgen/modgen/node_modules/.staging/bindings-4a1c2dd3
764 info lifecycle bindings@1.2.1~install: bindings@1.2.1
765 silly lifecycle bindings@1.2.1~install: no script for install, continuing
766 silly install nan@2.5.1 /home/neil/DevGit/zf2dbmodelgen/modgen/node_modules/.staging/nan-3f8226ec
767 info lifecycle nan@2.5.1~install: nan@2.5.1
768 silly lifecycle nan@2.5.1~install: no script for install, continuing
769 silly install isarray@0.0.1 /home/neil/DevGit/zf2dbmodelgen/modgen/node_modules/.staging/isarray-0b14ce64
770 info lifecycle isarray@0.0.1~install: isarray@0.0.1
771 silly lifecycle isarray@0.0.1~install: no script for install, continuing
772 silly install libpq@1.8.5 /home/neil/DevGit/zf2dbmodelgen/modgen/node_modules/.staging/libpq-4963842e
773 info lifecycle libpq@1.8.5~install: libpq@1.8.5
774 verbose lifecycle libpq@1.8.5~install: unsafe-perm in lifecycle true
775 verbose lifecycle libpq@1.8.5~install: PATH: /usr/lib/node_modules/npm/bin/node-gyp-bin:/home/neil/DevGit/zf2dbmodelgen/modgen/node_modules/libpq/node_modules/.bin:/home/neil/DevGit/zf2dbmodelgen/modgen/node_modules/.bin:/usr/local/sbin:/usr/local/bin:/usr/sbin:/usr/bin:/sbin:/bin:/usr/games:/usr/local/games:/snap/bin
776 verbose lifecycle libpq@1.8.5~install: CWD: /home/neil/DevGit/zf2dbmodelgen/modgen/node_modules/libpq
777 silly lifecycle libpq@1.8.5~install: Args: [ '-c', 'node-gyp rebuild' ]
778 silly lifecycle libpq@1.8.5~install: Returned: code: 1  signal: null
779 info lifecycle libpq@1.8.5~install: Failed to exec install script
780 verbose unlock done using /home/neil/.npm/_locks/staging-bfbe2b3182c9d397.lock for /home/neil/DevGit/zf2dbmodelgen/modgen/node_modules/.staging
781 silly rollbackFailedOptional Starting
782 silly rollbackFailedOptional Finishing
783 silly runTopLevelLifecycles Finishing
784 silly install printInstalled
785 warn optional SKIPPING OPTIONAL DEPENDENCY: fsevents@^1.0.0 (node_modules/chokidar/node_modules/fsevents):
786 warn notsup SKIPPING OPTIONAL DEPENDENCY: Unsupported platform for fsevents@1.0.17: wanted {"os":"darwin","arch":"any"} (current: {"os":"linux","arch":"x64"})
787 verbose notsup SKIPPING OPTIONAL DEPENDENCY: Valid OS:    darwin
787 verbose notsup SKIPPING OPTIONAL DEPENDENCY: Valid Arch:  any
787 verbose notsup SKIPPING OPTIONAL DEPENDENCY: Actual OS:   linux
787 verbose notsup SKIPPING OPTIONAL DEPENDENCY: Actual Arch: x64
788 warn zf2modelgenerator@1.0.0 No repository field.
789 verbose If you need help, you may report this error at:
789 verbose     <https://github.com/npm/npm/issues>
790 verbose stack Error: libpq@1.8.5 install: `node-gyp rebuild`
790 verbose stack Exit status 1
790 verbose stack     at EventEmitter.<anonymous> (/usr/lib/node_modules/npm/lib/utils/lifecycle.js:255:16)
790 verbose stack     at emitTwo (events.js:106:13)
790 verbose stack     at EventEmitter.emit (events.js:191:7)
790 verbose stack     at ChildProcess.<anonymous> (/usr/lib/node_modules/npm/lib/utils/spawn.js:40:14)
790 verbose stack     at emitTwo (events.js:106:13)
790 verbose stack     at ChildProcess.emit (events.js:191:7)
790 verbose stack     at maybeClose (internal/child_process.js:877:16)
790 verbose stack     at Process.ChildProcess._handle.onexit (internal/child_process.js:226:5)
791 verbose pkgid libpq@1.8.5
792 verbose cwd /home/neil/DevGit/zf2dbmodelgen/modgen/src
793 error Linux 4.4.0-62-generic
794 error argv "/usr/bin/nodejs" "/usr/bin/npm" "install" "pg-native" "--save"
795 error node v6.9.5
796 error npm  v3.10.10
797 error code ELIFECYCLE
798 error libpq@1.8.5 install: `node-gyp rebuild`
798 error Exit status 1
799 error Failed at the libpq@1.8.5 install script 'node-gyp rebuild'.
799 error Make sure you have the latest version of node.js and npm installed.
799 error If you do, this is most likely a problem with the libpq package,
799 error not with npm itself.
799 error Tell the author that this fails on your system:
799 error     node-gyp rebuild
799 error You can get information on how to open an issue for this project with:
799 error     npm bugs libpq
799 error Or if that isn't available, you can get their info via:
799 error     npm owner ls libpq
799 error There is likely additional logging output above.
800 verbose exit [ 1, true ]
